# JRE version: Java(TM) SE Runtime Environment (8.0_161-b12) (build 1.8.0_161-b12)
# Java VM: Java HotSpot(TM) 64-Bit Server VM (25.161-b12 mixed mode windows-amd64 compressed oops)
Heap:
 PSYoungGen      total 4805120K, used 559410K [0x0000000615580000, 0x000000077d780000, 0x00000007c0000000)
  eden space 4577280K, 12% used [0x0000000615580000,0x00000006377cca60,0x000000072cb80000)
  from space 227840K, 0% used [0x000000072cb80000,0x000000072cb80000,0x000000073aa00000)
  to   space 251904K, 0% used [0x000000076e180000,0x000000076e180000,0x000000077d780000)
 ParOldGen       total 578048K, used 205345K [0x00000002c0000000, 0x00000002e3480000, 0x0000000615580000)
  object space 578048K, 35% used [0x00000002c0000000,0x00000002cc8886f0,0x00000002e3480000)
 Metaspace       used 55805K, capacity 56188K, committed 56664K, reserved 1097728K
  class space    used 7943K, capacity 8062K, committed 8064K, reserved 1048576K
GC Heap History (10 events):
Event: 323.818 GC heap before
{Heap before GC invocations=40 (full 4):
 PSYoungGen      total 4036096K, used 4016695K [0x0000000615580000, 0x0000000724d80000, 0x00000007c0000000)
  eden space 3925504K, 100% used [0x0000000615580000,0x0000000704f00000,0x0000000704f00000)
  from space 110592K, 82% used [0x0000000704f00000,0x000000070a80de08,0x000000070bb00000)
  to   space 124416K, 0% used [0x000000071d400000,0x000000071d400000,0x0000000724d80000)
 ParOldGen       total 558080K, used 262423K [0x00000002c0000000, 0x00000002e2100000, 0x0000000615580000)
  object space 558080K, 47% used [0x00000002c0000000,0x00000002d0045e88,0x00000002e2100000)
 Metaspace       used 54909K, capacity 55228K, committed 55896K, reserved 1097728K
  class space    used 7878K, capacity 7998K, committed 8064K, reserved 1048576K
Event: 323.865 GC heap after
Heap after GC invocations=40 (full 4):
 PSYoungGen      total 4283904K, used 124410K [0x0000000615580000, 0x0000000727a80000, 0x00000007c0000000)
  eden space 4159488K, 0% used [0x0000000615580000,0x0000000615580000,0x0000000713380000)
  from space 124416K, 99% used [0x000000071d400000,0x0000000724d7e9e0,0x0000000724d80000)
  to   space 164352K, 0% used [0x0000000713380000,0x0000000713380000,0x000000071d400000)
 ParOldGen       total 558080K, used 307000K [0x00000002c0000000, 0x00000002e2100000, 0x0000000615580000)
  object space 558080K, 55% used [0x00000002c0000000,0x00000002d2bce378,0x00000002e2100000)
 Metaspace       used 54909K, capacity 55228K, committed 55896K, reserved 1097728K
  class space    used 7878K, capacity 7998K, committed 8064K, reserved 1048576K
}
Event: 362.043 GC heap before
{Heap before GC invocations=41 (full 4):
 PSYoungGen      total 4283904K, used 4283898K [0x0000000615580000, 0x0000000727a80000, 0x00000007c0000000)
  eden space 4159488K, 100% used [0x0000000615580000,0x0000000713380000,0x0000000713380000)
  from space 124416K, 99% used [0x000000071d400000,0x0000000724d7e9e0,0x0000000724d80000)
  to   space 164352K, 0% used [0x0000000713380000,0x0000000713380000,0x000000071d400000)
 ParOldGen       total 558080K, used 307000K [0x00000002c0000000, 0x00000002e2100000, 0x0000000615580000)
  object space 558080K, 55% used [0x00000002c0000000,0x00000002d2bce378,0x00000002e2100000)
 Metaspace       used 54970K, capacity 55292K, committed 55896K, reserved 1097728K
  class space    used 7880K, capacity 7998K, committed 8064K, reserved 1048576K
Event: 362.815 GC heap after
Heap after GC invocations=41 (full 4):
 PSYoungGen      total 4323840K, used 149153K [0x0000000615580000, 0x0000000746c80000, 0x00000007c0000000)
  eden space 4159488K, 0% used [0x0000000615580000,0x0000000615580000,0x0000000713380000)
  from space 164352K, 90% used [0x0000000713380000,0x000000071c528528,0x000000071d400000)
  to   space 189440K, 0% used [0x000000073b380000,0x000000073b380000,0x0000000746c80000)
 ParOldGen       total 558080K, used 361119K [0x00000002c0000000, 0x00000002e2100000, 0x0000000615580000)
  object space 558080K, 64% used [0x00000002c0000000,0x00000002d60a7dc0,0x00000002e2100000)
 Metaspace       used 54970K, capacity 55292K, committed 55896K, reserved 1097728K
  class space    used 7880K, capacity 7998K, committed 8064K, reserved 1048576K
}
Event: 409.372 GC heap before
{Heap before GC invocations=42 (full 4):
 PSYoungGen      total 4323840K, used 4308641K [0x0000000615580000, 0x0000000746c80000, 0x00000007c0000000)
  eden space 4159488K, 100% used [0x0000000615580000,0x0000000713380000,0x0000000713380000)
  from space 164352K, 90% used [0x0000000713380000,0x000000071c528528,0x000000071d400000)
  to   space 189440K, 0% used [0x000000073b380000,0x000000073b380000,0x0000000746c80000)
 ParOldGen       total 558080K, used 361119K [0x00000002c0000000, 0x00000002e2100000, 0x0000000615580000)
  object space 558080K, 64% used [0x00000002c0000000,0x00000002d60a7dc0,0x00000002e2100000)
 Metaspace       used 54970K, capacity 55292K, committed 55896K, reserved 1097728K
  class space    used 7880K, capacity 7998K, committed 8064K, reserved 1048576K
Event: 409.473 GC heap after
Heap after GC invocations=42 (full 4):
 PSYoungGen      total 4766720K, used 189436K [0x0000000615580000, 0x0000000748880000, 0x00000007c0000000)
  eden space 4577280K, 0% used [0x0000000615580000,0x0000000615580000,0x000000072cb80000)
  from space 189440K, 99% used [0x000000073b380000,0x0000000746c7f378,0x0000000746c80000)
  to   space 227840K, 0% used [0x000000072cb80000,0x000000072cb80000,0x000000073aa00000)
 ParOldGen       total 558080K, used 371297K [0x00000002c0000000, 0x00000002e2100000, 0x0000000615580000)
  object space 558080K, 66% used [0x00000002c0000000,0x00000002d6a98640,0x00000002e2100000)
 Metaspace       used 54970K, capacity 55292K, committed 55896K, reserved 1097728K
  class space    used 7880K, capacity 7998K, committed 8064K, reserved 1048576K
}
Event: 428.362 GC heap before
{Heap before GC invocations=43 (full 4):
 PSYoungGen      total 4766720K, used 4766716K [0x0000000615580000, 0x0000000748880000, 0x00000007c0000000)
  eden space 4577280K, 100% used [0x0000000615580000,0x000000072cb80000,0x000000072cb80000)
  from space 189440K, 99% used [0x000000073b380000,0x0000000746c7f378,0x0000000746c80000)
  to   space 227840K, 0% used [0x000000072cb80000,0x000000072cb80000,0x000000073aa00000)
 ParOldGen       total 558080K, used 371297K [0x00000002c0000000, 0x00000002e2100000, 0x0000000615580000)
  object space 558080K, 66% used [0x00000002c0000000,0x00000002d6a98640,0x00000002e2100000)
 Metaspace       used 55759K, capacity 56188K, committed 56664K, reserved 1097728K
  class space    used 7938K, capacity 8062K, committed 8064K, reserved 1048576K
Event: 429.790 GC heap after
Heap after GC invocations=43 (full 4):
 PSYoungGen      total 4805120K, used 181948K [0x0000000615580000, 0x000000077d780000, 0x00000007c0000000)
  eden space 4577280K, 0% used [0x0000000615580000,0x0000000615580000,0x000000072cb80000)
  from space 227840K, 79% used [0x000000072cb80000,0x0000000737d2f0f0,0x000000073aa00000)
  to   space 251904K, 0% used [0x000000076e180000,0x000000076e180000,0x000000077d780000)
 ParOldGen       total 558080K, used 505188K [0x00000002c0000000, 0x00000002e2100000, 0x0000000615580000)
  object space 558080K, 90% used [0x00000002c0000000,0x00000002ded59000,0x00000002e2100000)
 Metaspace       used 55759K, capacity 56188K, committed 56664K, reserved 1097728K
  class space    used 7938K, capacity 8062K, committed 8064K, reserved 1048576K
}
Event: 429.792 GC heap before
{Heap before GC invocations=44 (full 5):
 PSYoungGen      total 4805120K, used 181948K [0x0000000615580000, 0x000000077d780000, 0x00000007c0000000)
  eden space 4577280K, 0% used [0x0000000615580000,0x0000000615580000,0x000000072cb80000)
  from space 227840K, 79% used [0x000000072cb80000,0x0000000737d2f0f0,0x000000073aa00000)
  to   space 251904K, 0% used [0x000000076e180000,0x000000076e180000,0x000000077d780000)
 ParOldGen       total 558080K, used 505188K [0x00000002c0000000, 0x00000002e2100000, 0x0000000615580000)
  object space 558080K, 90% used [0x00000002c0000000,0x00000002ded59000,0x00000002e2100000)
 Metaspace       used 55759K, capacity 56188K, committed 56664K, reserved 1097728K
  class space    used 7938K, capacity 8062K, committed 8064K, reserved 1048576K
Event: 432.717 GC heap after
Heap after GC invocations=44 (full 5):
 PSYoungGen      total 4805120K, used 0K [0x0000000615580000, 0x000000077d780000, 0x00000007c0000000)
  eden space 4577280K, 0% used [0x0000000615580000,0x0000000615580000,0x000000072cb80000)
  from space 227840K, 0% used [0x000000072cb80000,0x000000072cb80000,0x000000073aa00000)
  to   space 251904K, 0% used [0x000000076e180000,0x000000076e180000,0x000000077d780000)
 ParOldGen       total 578048K, used 205345K [0x00000002c0000000, 0x00000002e3480000, 0x0000000615580000)
  object space 578048K, 35% used [0x00000002c0000000,0x00000002cc8886f0,0x00000002e3480000)
 Metaspace       used 55759K, capacity 56188K, committed 56664K, reserved 1097728K
  class space    used 7938K, capacity 8062K, committed 8064K, reserved 1048576K
}

