# JRE version: Java(TM) SE Runtime Environment (8.0_161-b12) (build 1.8.0_161-b12)
# Java VM: Java HotSpot(TM) 64-Bit Server VM (25.161-b12 mixed mode windows-amd64 compressed oops)
Heap:
 PSYoungGen      total 3090944K, used 2665023K [0x0000000615580000, 0x00000006d4b00000, 0x00000007c0000000)
  eden space 3049984K, 86% used [0x0000000615580000,0x00000006b66c3510,0x00000006cf800000)
  from space 40960K, 63% used [0x00000006d2300000,0x00000006d3c4ca60,0x00000006d4b00000)
  to   space 42496K, 0% used [0x00000006cf800000,0x00000006cf800000,0x00000006d2180000)
 ParOldGen       total 168448K, used 110719K [0x00000002c0000000, 0x00000002ca480000, 0x0000000615580000)
  object space 168448K, 65% used [0x00000002c0000000,0x00000002c6c1fe40,0x00000002ca480000)
 Metaspace       used 55549K, capacity 55916K, committed 56488K, reserved 1097728K
  class space    used 7940K, capacity 8062K, committed 8112K, reserved 1048576K
GC Heap History (10 events):
Event: 51.378 GC heap before
{Heap before GC invocations=32 (full 2):
 PSYoungGen      total 2184192K, used 2184189K [0x0000000615580000, 0x00000006ad300000, 0x00000007c0000000)
  eden space 2147328K, 100% used [0x0000000615580000,0x0000000698680000,0x0000000698680000)
  from space 36864K, 99% used [0x0000000698680000,0x000000069aa7f5b0,0x000000069aa80000)
  to   space 42496K, 0% used [0x00000006aa980000,0x00000006aa980000,0x00000006ad300000)
 ParOldGen       total 168448K, used 109246K [0x00000002c0000000, 0x00000002ca480000, 0x0000000615580000)
  object space 168448K, 64% used [0x00000002c0000000,0x00000002c6aaf8f8,0x00000002ca480000)
 Metaspace       used 55440K, capacity 55852K, committed 56232K, reserved 1097728K
  class space    used 7930K, capacity 8062K, committed 8112K, reserved 1048576K
Event: 51.393 GC heap after
Heap after GC invocations=32 (full 2):
 PSYoungGen      total 2441728K, used 36406K [0x0000000615580000, 0x00000006af980000, 0x00000007c0000000)
  eden space 2399232K, 0% used [0x0000000615580000,0x0000000615580000,0x00000006a7c80000)
  from space 42496K, 85% used [0x00000006aa980000,0x00000006acd0dbb0,0x00000006ad300000)
  to   space 46080K, 0% used [0x00000006a7c80000,0x00000006a7c80000,0x00000006aa980000)
 ParOldGen       total 168448K, used 109903K [0x00000002c0000000, 0x00000002ca480000, 0x0000000615580000)
  object space 168448K, 65% used [0x00000002c0000000,0x00000002c6b53e30,0x00000002ca480000)
 Metaspace       used 55440K, capacity 55852K, committed 56232K, reserved 1097728K
  class space    used 7930K, capacity 8062K, committed 8112K, reserved 1048576K
}
Event: 52.085 GC heap before
{Heap before GC invocations=33 (full 2):
 PSYoungGen      total 2441728K, used 2435638K [0x0000000615580000, 0x00000006af980000, 0x00000007c0000000)
  eden space 2399232K, 100% used [0x0000000615580000,0x00000006a7c80000,0x00000006a7c80000)
  from space 42496K, 85% used [0x00000006aa980000,0x00000006acd0dbb0,0x00000006ad300000)
  to   space 46080K, 0% used [0x00000006a7c80000,0x00000006a7c80000,0x00000006aa980000)
 ParOldGen       total 168448K, used 109903K [0x00000002c0000000, 0x00000002ca480000, 0x0000000615580000)
  object space 168448K, 65% used [0x00000002c0000000,0x00000002c6b53e30,0x00000002ca480000)
 Metaspace       used 55440K, capacity 55852K, committed 56232K, reserved 1097728K
  class space    used 7930K, capacity 8062K, committed 8112K, reserved 1048576K
Event: 52.099 GC heap after
Heap after GC invocations=33 (full 2):
 PSYoungGen      total 2445312K, used 26173K [0x0000000615580000, 0x00000006c1780000, 0x00000007c0000000)
  eden space 2399232K, 0% used [0x0000000615580000,0x0000000615580000,0x00000006a7c80000)
  from space 46080K, 56% used [0x00000006a7c80000,0x00000006a960f580,0x00000006aa980000)
  to   space 45056K, 0% used [0x00000006beb80000,0x00000006beb80000,0x00000006c1780000)
 ParOldGen       total 168448K, used 109911K [0x00000002c0000000, 0x00000002ca480000, 0x0000000615580000)
  object space 168448K, 65% used [0x00000002c0000000,0x00000002c6b55e30,0x00000002ca480000)
 Metaspace       used 55440K, capacity 55852K, committed 56232K, reserved 1097728K
  class space    used 7930K, capacity 8062K, committed 8112K, reserved 1048576K
}
Event: 52.773 GC heap before
{Heap before GC invocations=34 (full 2):
 PSYoungGen      total 2445312K, used 2425405K [0x0000000615580000, 0x00000006c1780000, 0x00000007c0000000)
  eden space 2399232K, 100% used [0x0000000615580000,0x00000006a7c80000,0x00000006a7c80000)
  from space 46080K, 56% used [0x00000006a7c80000,0x00000006a960f580,0x00000006aa980000)
  to   space 45056K, 0% used [0x00000006beb80000,0x00000006beb80000,0x00000006c1780000)
 ParOldGen       total 168448K, used 109911K [0x00000002c0000000, 0x00000002ca480000, 0x0000000615580000)
  object space 168448K, 65% used [0x00000002c0000000,0x00000002c6b55e30,0x00000002ca480000)
 Metaspace       used 55458K, capacity 55852K, committed 56232K, reserved 1097728K
  class space    used 7930K, capacity 8062K, committed 8112K, reserved 1048576K
Event: 52.784 GC heap after
Heap after GC invocations=34 (full 2):
 PSYoungGen      total 2775552K, used 27381K [0x0000000615580000, 0x00000006c2180000, 0x00000007c0000000)
  eden space 2730496K, 0% used [0x0000000615580000,0x0000000615580000,0x00000006bc000000)
  from space 45056K, 60% used [0x00000006beb80000,0x00000006c063d570,0x00000006c1780000)
  to   space 44544K, 0% used [0x00000006bc000000,0x00000006bc000000,0x00000006beb80000)
 ParOldGen       total 168448K, used 109919K [0x00000002c0000000, 0x00000002ca480000, 0x0000000615580000)
  object space 168448K, 65% used [0x00000002c0000000,0x00000002c6b57e30,0x00000002ca480000)
 Metaspace       used 55458K, capacity 55852K, committed 56232K, reserved 1097728K
  class space    used 7930K, capacity 8062K, committed 8112K, reserved 1048576K
}
Event: 53.632 GC heap before
{Heap before GC invocations=35 (full 2):
 PSYoungGen      total 2775552K, used 2757877K [0x0000000615580000, 0x00000006c2180000, 0x00000007c0000000)
  eden space 2730496K, 100% used [0x0000000615580000,0x00000006bc000000,0x00000006bc000000)
  from space 45056K, 60% used [0x00000006beb80000,0x00000006c063d570,0x00000006c1780000)
  to   space 44544K, 0% used [0x00000006bc000000,0x00000006bc000000,0x00000006beb80000)
 ParOldGen       total 168448K, used 109919K [0x00000002c0000000, 0x00000002ca480000, 0x0000000615580000)
  object space 168448K, 65% used [0x00000002c0000000,0x00000002c6b57e30,0x00000002ca480000)
 Metaspace       used 55459K, capacity 55852K, committed 56232K, reserved 1097728K
  class space    used 7930K, capacity 8062K, committed 8112K, reserved 1048576K
Event: 53.644 GC heap after
Heap after GC invocations=35 (full 2):
 PSYoungGen      total 2775040K, used 26214K [0x0000000615580000, 0x00000006d4d80000, 0x00000007c0000000)
  eden space 2730496K, 0% used [0x0000000615580000,0x0000000615580000,0x00000006bc000000)
  from space 44544K, 58% used [0x00000006bc000000,0x00000006bd999af8,0x00000006beb80000)
  to   space 43520K, 0% used [0x00000006d2300000,0x00000006d2300000,0x00000006d4d80000)
 ParOldGen       total 168448K, used 110327K [0x00000002c0000000, 0x00000002ca480000, 0x0000000615580000)
  object space 168448K, 65% used [0x00000002c0000000,0x00000002c6bbde40,0x00000002ca480000)
 Metaspace       used 55459K, capacity 55852K, committed 56232K, reserved 1097728K
  class space    used 7930K, capacity 8062K, committed 8112K, reserved 1048576K
}
Event: 54.405 GC heap before
{Heap before GC invocations=36 (full 2):
 PSYoungGen      total 2775040K, used 2756710K [0x0000000615580000, 0x00000006d4d80000, 0x00000007c0000000)
  eden space 2730496K, 100% used [0x0000000615580000,0x00000006bc000000,0x00000006bc000000)
  from space 44544K, 58% used [0x00000006bc000000,0x00000006bd999af8,0x00000006beb80000)
  to   space 43520K, 0% used [0x00000006d2300000,0x00000006d2300000,0x00000006d4d80000)
 ParOldGen       total 168448K, used 110327K [0x00000002c0000000, 0x00000002ca480000, 0x0000000615580000)
  object space 168448K, 65% used [0x00000002c0000000,0x00000002c6bbde40,0x00000002ca480000)
 Metaspace       used 55498K, capacity 55852K, committed 56232K, reserved 1097728K
  class space    used 7934K, capacity 8062K, committed 8112K, reserved 1048576K
Event: 54.415 GC heap after
Heap after GC invocations=36 (full 2):
 PSYoungGen      total 3090944K, used 25906K [0x0000000615580000, 0x00000006d4b00000, 0x00000007c0000000)
  eden space 3049984K, 0% used [0x0000000615580000,0x0000000615580000,0x00000006cf800000)
  from space 40960K, 63% used [0x00000006d2300000,0x00000006d3c4ca60,0x00000006d4b00000)
  to   space 42496K, 0% used [0x00000006cf800000,0x00000006cf800000,0x00000006d2180000)
 ParOldGen       total 168448K, used 110719K [0x00000002c0000000, 0x00000002ca480000, 0x0000000615580000)
  object space 168448K, 65% used [0x00000002c0000000,0x00000002c6c1fe40,0x00000002ca480000)
 Metaspace       used 55498K, capacity 55852K, committed 56232K, reserved 1097728K
  class space    used 7934K, capacity 8062K, committed 8112K, reserved 1048576K
}

