# JRE version: Java(TM) SE Runtime Environment (8.0_161-b12) (build 1.8.0_161-b12)
# Java VM: Java HotSpot(TM) 64-Bit Server VM (25.161-b12 mixed mode windows-amd64 compressed oops)
Heap:
 PSYoungGen      total 6934528K, used 2638548K [0x0000000615580000, 0x00000007bfd00000, 0x00000007c0000000)
  eden space 6881280K, 38% used [0x0000000615580000,0x00000006b5f28eb0,0x00000007b9580000)
  from space 53248K, 13% used [0x00000007bc900000,0x00000007bd00c438,0x00000007bfd00000)
  to   space 52736K, 0% used [0x00000007b9580000,0x00000007b9580000,0x00000007bc900000)
 ParOldGen       total 463872K, used 288005K [0x00000002c0000000, 0x00000002dc500000, 0x0000000615580000)
  object space 463872K, 62% used [0x00000002c0000000,0x00000002d19416a0,0x00000002dc500000)
 Metaspace       used 56951K, capacity 57328K, committed 58072K, reserved 1099776K
  class space    used 8026K, capacity 8136K, committed 8192K, reserved 1048576K
GC Heap History (10 events):
Event: 320.116 GC heap before
{Heap before GC invocations=79 (full 3):
 PSYoungGen      total 6918144K, used 6873289K [0x0000000615580000, 0x00000007bf880000, 0x00000007c0000000)
  eden space 6854656K, 100% used [0x0000000615580000,0x00000007b7b80000,0x00000007b7b80000)
  from space 63488K, 29% used [0x00000007b7b80000,0x00000007b8db2450,0x00000007bb980000)
  to   space 60416K, 0% used [0x00000007bbd80000,0x00000007bbd80000,0x00000007bf880000)
 ParOldGen       total 463872K, used 276691K [0x00000002c0000000, 0x00000002dc500000, 0x0000000615580000)
  object space 463872K, 59% used [0x00000002c0000000,0x00000002d0e34ef0,0x00000002dc500000)
 Metaspace       used 56899K, capacity 57328K, committed 58072K, reserved 1099776K
  class space    used 8020K, capacity 8136K, committed 8192K, reserved 1048576K
Event: 320.124 GC heap after
Heap after GC invocations=79 (full 3):
 PSYoungGen      total 6924288K, used 18752K [0x0000000615580000, 0x00000007bf800000, 0x00000007c0000000)
  eden space 6864384K, 0% used [0x0000000615580000,0x0000000615580000,0x00000007b8500000)
  from space 59904K, 31% used [0x00000007bbd80000,0x00000007bcfd0190,0x00000007bf800000)
  to   space 57856K, 0% used [0x00000007b8500000,0x00000007b8500000,0x00000007bbd80000)
 ParOldGen       total 463872K, used 276739K [0x00000002c0000000, 0x00000002dc500000, 0x0000000615580000)
  object space 463872K, 59% used [0x00000002c0000000,0x00000002d0e40ef0,0x00000002dc500000)
 Metaspace       used 56899K, capacity 57328K, committed 58072K, reserved 1099776K
  class space    used 8020K, capacity 8136K, committed 8192K, reserved 1048576K
}
Event: 321.941 GC heap before
{Heap before GC invocations=80 (full 3):
 PSYoungGen      total 6924288K, used 6883136K [0x0000000615580000, 0x00000007bf800000, 0x00000007c0000000)
  eden space 6864384K, 100% used [0x0000000615580000,0x00000007b8500000,0x00000007b8500000)
  from space 59904K, 31% used [0x00000007bbd80000,0x00000007bcfd0190,0x00000007bf800000)
  to   space 57856K, 0% used [0x00000007b8500000,0x00000007b8500000,0x00000007bbd80000)
 ParOldGen       total 463872K, used 276739K [0x00000002c0000000, 0x00000002dc500000, 0x0000000615580000)
  object space 463872K, 59% used [0x00000002c0000000,0x00000002d0e40ef0,0x00000002dc500000)
 Metaspace       used 56899K, capacity 57328K, committed 58072K, reserved 1099776K
  class space    used 8020K, capacity 8136K, committed 8192K, reserved 1048576K
Event: 321.948 GC heap after
Heap after GC invocations=80 (full 3):
 PSYoungGen      total 6922240K, used 19022K [0x0000000615580000, 0x00000007bf900000, 0x00000007c0000000)
  eden space 6864384K, 0% used [0x0000000615580000,0x0000000615580000,0x00000007b8500000)
  from space 57856K, 32% used [0x00000007b8500000,0x00000007b9793b38,0x00000007bbd80000)
  to   space 55296K, 0% used [0x00000007bc300000,0x00000007bc300000,0x00000007bf900000)
 ParOldGen       total 463872K, used 276771K [0x00000002c0000000, 0x00000002dc500000, 0x0000000615580000)
  object space 463872K, 59% used [0x00000002c0000000,0x00000002d0e48ef0,0x00000002dc500000)
 Metaspace       used 56899K, capacity 57328K, committed 58072K, reserved 1099776K
  class space    used 8020K, capacity 8136K, committed 8192K, reserved 1048576K
}
Event: 323.732 GC heap before
{Heap before GC invocations=81 (full 3):
 PSYoungGen      total 6922240K, used 6883406K [0x0000000615580000, 0x00000007bf900000, 0x00000007c0000000)
  eden space 6864384K, 100% used [0x0000000615580000,0x00000007b8500000,0x00000007b8500000)
  from space 57856K, 32% used [0x00000007b8500000,0x00000007b9793b38,0x00000007bbd80000)
  to   space 55296K, 0% used [0x00000007bc300000,0x00000007bc300000,0x00000007bf900000)
 ParOldGen       total 463872K, used 276771K [0x00000002c0000000, 0x00000002dc500000, 0x0000000615580000)
  object space 463872K, 59% used [0x00000002c0000000,0x00000002d0e48ef0,0x00000002dc500000)
 Metaspace       used 56900K, capacity 57328K, committed 58072K, reserved 1099776K
  class space    used 8020K, capacity 8136K, committed 8192K, reserved 1048576K
Event: 323.745 GC heap after
Heap after GC invocations=81 (full 3):
 PSYoungGen      total 6928384K, used 7389K [0x0000000615580000, 0x00000007bfc80000, 0x00000007c0000000)
  eden space 6873088K, 0% used [0x0000000615580000,0x0000000615580000,0x00000007b8d80000)
  from space 55296K, 13% used [0x00000007bc300000,0x00000007bca374e8,0x00000007bf900000)
  to   space 54784K, 0% used [0x00000007b8d80000,0x00000007b8d80000,0x00000007bc300000)
 ParOldGen       total 463872K, used 287743K [0x00000002c0000000, 0x00000002dc500000, 0x0000000615580000)
  object space 463872K, 62% used [0x00000002c0000000,0x00000002d18ffdb0,0x00000002dc500000)
 Metaspace       used 56900K, capacity 57328K, committed 58072K, reserved 1099776K
  class space    used 8020K, capacity 8136K, committed 8192K, reserved 1048576K
}
Event: 325.624 GC heap before
{Heap before GC invocations=82 (full 3):
 PSYoungGen      total 6928384K, used 6880477K [0x0000000615580000, 0x00000007bfc80000, 0x00000007c0000000)
  eden space 6873088K, 100% used [0x0000000615580000,0x00000007b8d80000,0x00000007b8d80000)
  from space 55296K, 13% used [0x00000007bc300000,0x00000007bca374e8,0x00000007bf900000)
  to   space 54784K, 0% used [0x00000007b8d80000,0x00000007b8d80000,0x00000007bc300000)
 ParOldGen       total 463872K, used 287743K [0x00000002c0000000, 0x00000002dc500000, 0x0000000615580000)
  object space 463872K, 62% used [0x00000002c0000000,0x00000002d18ffdb0,0x00000002dc500000)
 Metaspace       used 56902K, capacity 57328K, committed 58072K, reserved 1099776K
  class space    used 8020K, capacity 8136K, committed 8192K, reserved 1048576K
Event: 325.631 GC heap after
Heap after GC invocations=82 (full 3):
 PSYoungGen      total 6927872K, used 6525K [0x0000000615580000, 0x00000007bfd80000, 0x00000007c0000000)
  eden space 6873088K, 0% used [0x0000000615580000,0x0000000615580000,0x00000007b8d80000)
  from space 54784K, 11% used [0x00000007b8d80000,0x00000007b93df520,0x00000007bc300000)
  to   space 53760K, 0% used [0x00000007bc900000,0x00000007bc900000,0x00000007bfd80000)
 ParOldGen       total 463872K, used 287965K [0x00000002c0000000, 0x00000002dc500000, 0x0000000615580000)
  object space 463872K, 62% used [0x00000002c0000000,0x00000002d19376a0,0x00000002dc500000)
 Metaspace       used 56902K, capacity 57328K, committed 58072K, reserved 1099776K
  class space    used 8020K, capacity 8136K, committed 8192K, reserved 1048576K
}
Event: 327.482 GC heap before
{Heap before GC invocations=83 (full 3):
 PSYoungGen      total 6927872K, used 6879613K [0x0000000615580000, 0x00000007bfd80000, 0x00000007c0000000)
  eden space 6873088K, 100% used [0x0000000615580000,0x00000007b8d80000,0x00000007b8d80000)
  from space 54784K, 11% used [0x00000007b8d80000,0x00000007b93df520,0x00000007bc300000)
  to   space 53760K, 0% used [0x00000007bc900000,0x00000007bc900000,0x00000007bfd80000)
 ParOldGen       total 463872K, used 287965K [0x00000002c0000000, 0x00000002dc500000, 0x0000000615580000)
  object space 463872K, 62% used [0x00000002c0000000,0x00000002d19376a0,0x00000002dc500000)
 Metaspace       used 56909K, capacity 57328K, committed 58072K, reserved 1099776K
  class space    used 8020K, capacity 8136K, committed 8192K, reserved 1048576K
Event: 327.487 GC heap after
Heap after GC invocations=83 (full 3):
 PSYoungGen      total 6934528K, used 7217K [0x0000000615580000, 0x00000007bfd00000, 0x00000007c0000000)
  eden space 6881280K, 0% used [0x0000000615580000,0x0000000615580000,0x00000007b9580000)
  from space 53248K, 13% used [0x00000007bc900000,0x00000007bd00c438,0x00000007bfd00000)
  to   space 52736K, 0% used [0x00000007b9580000,0x00000007b9580000,0x00000007bc900000)
 ParOldGen       total 463872K, used 288005K [0x00000002c0000000, 0x00000002dc500000, 0x0000000615580000)
  object space 463872K, 62% used [0x00000002c0000000,0x00000002d19416a0,0x00000002dc500000)
 Metaspace       used 56909K, capacity 57328K, committed 58072K, reserved 1099776K
  class space    used 8020K, capacity 8136K, committed 8192K, reserved 1048576K
}

