# JRE version: Java(TM) SE Runtime Environment (8.0_161-b12) (build 1.8.0_161-b12)
# Java VM: Java HotSpot(TM) 64-Bit Server VM (25.161-b12 mixed mode windows-amd64 compressed oops)
Heap:
 PSYoungGen      total 3364864K, used 923755K [0x0000000615580000, 0x00000006e7d00000, 0x00000007c0000000)
  eden space 3340800K, 26% used [0x0000000615580000,0x000000064c4679c8,0x00000006e1400000)
  from space 24064K, 98% used [0x00000006e6580000,0x00000006e7cb3308,0x00000006e7d00000)
  to   space 48640K, 0% used [0x00000006e1e00000,0x00000006e1e00000,0x00000006e4d80000)
 ParOldGen       total 162304K, used 122489K [0x00000002c0000000, 0x00000002c9e80000, 0x0000000615580000)
  object space 162304K, 75% used [0x00000002c0000000,0x00000002c779e5c0,0x00000002c9e80000)
 Metaspace       used 55610K, capacity 55996K, committed 56408K, reserved 1097728K
  class space    used 7943K, capacity 8062K, committed 8064K, reserved 1048576K
GC Heap History (10 events):
Event: 49.634 GC heap before
{Heap before GC invocations=34 (full 2):
 PSYoungGen      total 2494976K, used 2461331K [0x0000000615580000, 0x00000006c4700000, 0x00000007c0000000)
  eden space 2434048K, 100% used [0x0000000615580000,0x00000006a9e80000,0x00000006a9e80000)
  from space 60928K, 44% used [0x00000006a9e80000,0x00000006ab924df0,0x00000006ada00000)
  to   space 58368K, 0% used [0x00000006c0e00000,0x00000006c0e00000,0x00000006c4700000)
 ParOldGen       total 162304K, used 120473K [0x00000002c0000000, 0x00000002c9e80000, 0x0000000615580000)
  object space 162304K, 74% used [0x00000002c0000000,0x00000002c75a65a0,0x00000002c9e80000)
 Metaspace       used 55429K, capacity 55804K, committed 56408K, reserved 1097728K
  class space    used 7930K, capacity 8062K, committed 8064K, reserved 1048576K
Event: 49.644 GC heap after
Heap after GC invocations=34 (full 2):
 PSYoungGen      total 2808320K, used 26912K [0x0000000615580000, 0x00000006c4380000, 0x00000007c0000000)
  eden space 2753536K, 0% used [0x0000000615580000,0x0000000615580000,0x00000006bd680000)
  from space 54784K, 49% used [0x00000006c0e00000,0x00000006c2848150,0x00000006c4380000)
  to   space 55808K, 0% used [0x00000006bd680000,0x00000006bd680000,0x00000006c0d00000)
 ParOldGen       total 162304K, used 120793K [0x00000002c0000000, 0x00000002c9e80000, 0x0000000615580000)
  object space 162304K, 74% used [0x00000002c0000000,0x00000002c75f65a0,0x00000002c9e80000)
 Metaspace       used 55429K, capacity 55804K, committed 56408K, reserved 1097728K
  class space    used 7930K, capacity 8062K, committed 8064K, reserved 1048576K
}
Event: 50.506 GC heap before
{Heap before GC invocations=35 (full 2):
 PSYoungGen      total 2808320K, used 2780448K [0x0000000615580000, 0x00000006c4380000, 0x00000007c0000000)
  eden space 2753536K, 100% used [0x0000000615580000,0x00000006bd680000,0x00000006bd680000)
  from space 54784K, 49% used [0x00000006c0e00000,0x00000006c2848150,0x00000006c4380000)
  to   space 55808K, 0% used [0x00000006bd680000,0x00000006bd680000,0x00000006c0d00000)
 ParOldGen       total 162304K, used 120793K [0x00000002c0000000, 0x00000002c9e80000, 0x0000000615580000)
  object space 162304K, 74% used [0x00000002c0000000,0x00000002c75f65a0,0x00000002c9e80000)
 Metaspace       used 55476K, capacity 55868K, committed 56408K, reserved 1097728K
  class space    used 7934K, capacity 8062K, committed 8064K, reserved 1048576K
Event: 50.516 GC heap after
Heap after GC invocations=35 (full 2):
 PSYoungGen      total 2809344K, used 26077K [0x0000000615580000, 0x00000006d6100000, 0x00000007c0000000)
  eden space 2753536K, 0% used [0x0000000615580000,0x0000000615580000,0x00000006bd680000)
  from space 55808K, 46% used [0x00000006bd680000,0x00000006beff74e0,0x00000006c0d00000)
  to   space 53760K, 0% used [0x00000006d2c80000,0x00000006d2c80000,0x00000006d6100000)
 ParOldGen       total 162304K, used 121153K [0x00000002c0000000, 0x00000002c9e80000, 0x0000000615580000)
  object space 162304K, 74% used [0x00000002c0000000,0x00000002c76505a0,0x00000002c9e80000)
 Metaspace       used 55476K, capacity 55868K, committed 56408K, reserved 1097728K
  class space    used 7934K, capacity 8062K, committed 8064K, reserved 1048576K
}
Event: 51.340 GC heap before
{Heap before GC invocations=36 (full 2):
 PSYoungGen      total 2809344K, used 2779613K [0x0000000615580000, 0x00000006d6100000, 0x00000007c0000000)
  eden space 2753536K, 100% used [0x0000000615580000,0x00000006bd680000,0x00000006bd680000)
  from space 55808K, 46% used [0x00000006bd680000,0x00000006beff74e0,0x00000006c0d00000)
  to   space 53760K, 0% used [0x00000006d2c80000,0x00000006d2c80000,0x00000006d6100000)
 ParOldGen       total 162304K, used 121153K [0x00000002c0000000, 0x00000002c9e80000, 0x0000000615580000)
  object space 162304K, 74% used [0x00000002c0000000,0x00000002c76505a0,0x00000002c9e80000)
 Metaspace       used 55476K, capacity 55868K, committed 56408K, reserved 1097728K
  class space    used 7934K, capacity 8062K, committed 8064K, reserved 1048576K
Event: 51.351 GC heap after
Heap after GC invocations=36 (full 2):
 PSYoungGen      total 3099648K, used 25740K [0x0000000615580000, 0x00000006d5d00000, 0x00000007c0000000)
  eden space 3049984K, 0% used [0x0000000615580000,0x0000000615580000,0x00000006cf800000)
  from space 49664K, 51% used [0x00000006d2c80000,0x00000006d45a32a0,0x00000006d5d00000)
  to   space 51712K, 0% used [0x00000006cf800000,0x00000006cf800000,0x00000006d2a80000)
 ParOldGen       total 162304K, used 121649K [0x00000002c0000000, 0x00000002c9e80000, 0x0000000615580000)
  object space 162304K, 74% used [0x00000002c0000000,0x00000002c76cc5b0,0x00000002c9e80000)
 Metaspace       used 55476K, capacity 55868K, committed 56408K, reserved 1097728K
  class space    used 7934K, capacity 8062K, committed 8064K, reserved 1048576K
}
Event: 52.235 GC heap before
{Heap before GC invocations=37 (full 2):
 PSYoungGen      total 3099648K, used 3075724K [0x0000000615580000, 0x00000006d5d00000, 0x00000007c0000000)
  eden space 3049984K, 100% used [0x0000000615580000,0x00000006cf800000,0x00000006cf800000)
  from space 49664K, 51% used [0x00000006d2c80000,0x00000006d45a32a0,0x00000006d5d00000)
  to   space 51712K, 0% used [0x00000006cf800000,0x00000006cf800000,0x00000006d2a80000)
 ParOldGen       total 162304K, used 121649K [0x00000002c0000000, 0x00000002c9e80000, 0x0000000615580000)
  object space 162304K, 74% used [0x00000002c0000000,0x00000002c76cc5b0,0x00000002c9e80000)
 Metaspace       used 55477K, capacity 55868K, committed 56408K, reserved 1097728K
  class space    used 7934K, capacity 8062K, committed 8064K, reserved 1048576K
Event: 52.246 GC heap after
Heap after GC invocations=37 (full 2):
 PSYoungGen      total 3101696K, used 25160K [0x0000000615580000, 0x00000006e9680000, 0x00000007c0000000)
  eden space 3049984K, 0% used [0x0000000615580000,0x0000000615580000,0x00000006cf800000)
  from space 51712K, 48% used [0x00000006cf800000,0x00000006d1092228,0x00000006d2a80000)
  to   space 50176K, 0% used [0x00000006e6580000,0x00000006e6580000,0x00000006e9680000)
 ParOldGen       total 162304K, used 122009K [0x00000002c0000000, 0x00000002c9e80000, 0x0000000615580000)
  object space 162304K, 75% used [0x00000002c0000000,0x00000002c77265b0,0x00000002c9e80000)
 Metaspace       used 55477K, capacity 55868K, committed 56408K, reserved 1097728K
  class space    used 7934K, capacity 8062K, committed 8064K, reserved 1048576K
}
Event: 54.433 GC heap before
{Heap before GC invocations=38 (full 2):
 PSYoungGen      total 3101696K, used 3075144K [0x0000000615580000, 0x00000006e9680000, 0x00000007c0000000)
  eden space 3049984K, 100% used [0x0000000615580000,0x00000006cf800000,0x00000006cf800000)
  from space 51712K, 48% used [0x00000006cf800000,0x00000006d1092228,0x00000006d2a80000)
  to   space 50176K, 0% used [0x00000006e6580000,0x00000006e6580000,0x00000006e9680000)
 ParOldGen       total 162304K, used 122009K [0x00000002c0000000, 0x00000002c9e80000, 0x0000000615580000)
  object space 162304K, 75% used [0x00000002c0000000,0x00000002c77265b0,0x00000002c9e80000)
 Metaspace       used 55527K, capacity 55932K, committed 56408K, reserved 1097728K
  class space    used 7935K, capacity 8062K, committed 8064K, reserved 1048576K
Event: 54.443 GC heap after
Heap after GC invocations=38 (full 2):
 PSYoungGen      total 3364864K, used 23756K [0x0000000615580000, 0x00000006e7d00000, 0x00000007c0000000)
  eden space 3340800K, 0% used [0x0000000615580000,0x0000000615580000,0x00000006e1400000)
  from space 24064K, 98% used [0x00000006e6580000,0x00000006e7cb3308,0x00000006e7d00000)
  to   space 48640K, 0% used [0x00000006e1e00000,0x00000006e1e00000,0x00000006e4d80000)
 ParOldGen       total 162304K, used 122489K [0x00000002c0000000, 0x00000002c9e80000, 0x0000000615580000)
  object space 162304K, 75% used [0x00000002c0000000,0x00000002c779e5c0,0x00000002c9e80000)
 Metaspace       used 55527K, capacity 55932K, committed 56408K, reserved 1097728K
  class space    used 7935K, capacity 8062K, committed 8064K, reserved 1048576K
}

