# JRE version: Java(TM) SE Runtime Environment (8.0_161-b12) (build 1.8.0_161-b12)
# Java VM: Java HotSpot(TM) 64-Bit Server VM (25.161-b12 mixed mode windows-amd64 compressed oops)
Heap:
 PSYoungGen      total 4639232K, used 4122041K [0x0000000615580000, 0x0000000738600000, 0x00000007c0000000)
  eden space 4606976K, 88% used [0x0000000615580000,0x000000070efa2810,0x000000072e880000)
  from space 32256K, 99% used [0x0000000736680000,0x00000007385cbc20,0x0000000738600000)
  to   space 73728K, 0% used [0x000000072f600000,0x000000072f600000,0x0000000733e00000)
 ParOldGen       total 171520K, used 137660K [0x00000002c0000000, 0x00000002ca780000, 0x0000000615580000)
  object space 171520K, 80% used [0x00000002c0000000,0x00000002c866f3d8,0x00000002ca780000)
 Metaspace       used 55750K, capacity 56124K, committed 56664K, reserved 1097728K
  class space    used 7946K, capacity 8062K, committed 8064K, reserved 1048576K
GC Heap History (10 events):
Event: 52.590 GC heap before
{Heap before GC invocations=36 (full 2):
 PSYoungGen      total 3434496K, used 3380295K [0x0000000615580000, 0x0000000706000000, 0x00000007c0000000)
  eden space 3344384K, 100% used [0x0000000615580000,0x00000006e1780000,0x00000006e1780000)
  from space 90112K, 39% used [0x00000006e1780000,0x00000006e3a91ed0,0x00000006e6f80000)
  to   space 86528K, 0% used [0x0000000700b80000,0x0000000700b80000,0x0000000706000000)
 ParOldGen       total 171520K, used 137420K [0x00000002c0000000, 0x00000002ca780000, 0x0000000615580000)
  object space 171520K, 80% used [0x00000002c0000000,0x00000002c86333d8,0x00000002ca780000)
 Metaspace       used 55616K, capacity 55996K, committed 56408K, reserved 1097728K
  class space    used 7933K, capacity 8062K, committed 8064K, reserved 1048576K
Event: 52.605 GC heap after
Heap after GC invocations=36 (full 2):
 PSYoungGen      total 3827712K, used 34994K [0x0000000615580000, 0x0000000704f80000, 0x00000007c0000000)
  eden space 3758080K, 0% used [0x0000000615580000,0x0000000615580000,0x00000006fab80000)
  from space 69632K, 50% used [0x0000000700b80000,0x0000000702dac8d8,0x0000000704f80000)
  to   space 83968K, 0% used [0x00000006fab80000,0x00000006fab80000,0x00000006ffd80000)
 ParOldGen       total 171520K, used 137604K [0x00000002c0000000, 0x00000002ca780000, 0x0000000615580000)
  object space 171520K, 80% used [0x00000002c0000000,0x00000002c86613d8,0x00000002ca780000)
 Metaspace       used 55616K, capacity 55996K, committed 56408K, reserved 1097728K
  class space    used 7933K, capacity 8062K, committed 8064K, reserved 1048576K
}
Event: 53.645 GC heap before
{Heap before GC invocations=37 (full 2):
 PSYoungGen      total 3827712K, used 3793074K [0x0000000615580000, 0x0000000704f80000, 0x00000007c0000000)
  eden space 3758080K, 100% used [0x0000000615580000,0x00000006fab80000,0x00000006fab80000)
  from space 69632K, 50% used [0x0000000700b80000,0x0000000702dac8d8,0x0000000704f80000)
  to   space 83968K, 0% used [0x00000006fab80000,0x00000006fab80000,0x00000006ffd80000)
 ParOldGen       total 171520K, used 137604K [0x00000002c0000000, 0x00000002ca780000, 0x0000000615580000)
  object space 171520K, 80% used [0x00000002c0000000,0x00000002c86613d8,0x00000002ca780000)
 Metaspace       used 55616K, capacity 55996K, committed 56408K, reserved 1097728K
  class space    used 7933K, capacity 8062K, committed 8064K, reserved 1048576K
Event: 53.662 GC heap after
Heap after GC invocations=37 (full 2):
 PSYoungGen      total 3842048K, used 33326K [0x0000000615580000, 0x0000000720600000, 0x00000007c0000000)
  eden space 3758080K, 0% used [0x0000000615580000,0x0000000615580000,0x00000006fab80000)
  from space 83968K, 39% used [0x00000006fab80000,0x00000006fcc0bb88,0x00000006ffd80000)
  to   space 81408K, 0% used [0x000000071b680000,0x000000071b680000,0x0000000720600000)
 ParOldGen       total 171520K, used 137644K [0x00000002c0000000, 0x00000002ca780000, 0x0000000615580000)
  object space 171520K, 80% used [0x00000002c0000000,0x00000002c866b3d8,0x00000002ca780000)
 Metaspace       used 55616K, capacity 55996K, committed 56408K, reserved 1097728K
  class space    used 7933K, capacity 8062K, committed 8064K, reserved 1048576K
}
Event: 54.764 GC heap before
{Heap before GC invocations=38 (full 2):
 PSYoungGen      total 3842048K, used 3791406K [0x0000000615580000, 0x0000000720600000, 0x00000007c0000000)
  eden space 3758080K, 100% used [0x0000000615580000,0x00000006fab80000,0x00000006fab80000)
  from space 83968K, 39% used [0x00000006fab80000,0x00000006fcc0bb88,0x00000006ffd80000)
  to   space 81408K, 0% used [0x000000071b680000,0x000000071b680000,0x0000000720600000)
 ParOldGen       total 171520K, used 137644K [0x00000002c0000000, 0x00000002ca780000, 0x0000000615580000)
  object space 171520K, 80% used [0x00000002c0000000,0x00000002c866b3d8,0x00000002ca780000)
 Metaspace       used 55643K, capacity 55996K, committed 56408K, reserved 1097728K
  class space    used 7937K, capacity 8062K, committed 8064K, reserved 1048576K
Event: 54.779 GC heap after
Heap after GC invocations=38 (full 2):
 PSYoungGen      total 4255744K, used 33022K [0x0000000615580000, 0x000000071f100000, 0x00000007c0000000)
  eden space 4195840K, 0% used [0x0000000615580000,0x0000000615580000,0x0000000715700000)
  from space 59904K, 55% used [0x000000071b680000,0x000000071d6bfa40,0x000000071f100000)
  to   space 78848K, 0% used [0x0000000715700000,0x0000000715700000,0x000000071a400000)
 ParOldGen       total 171520K, used 137652K [0x00000002c0000000, 0x00000002ca780000, 0x0000000615580000)
  object space 171520K, 80% used [0x00000002c0000000,0x00000002c866d3d8,0x00000002ca780000)
 Metaspace       used 55643K, capacity 55996K, committed 56408K, reserved 1097728K
  class space    used 7937K, capacity 8062K, committed 8064K, reserved 1048576K
}
Event: 56.105 GC heap before
{Heap before GC invocations=39 (full 2):
 PSYoungGen      total 4255744K, used 4228862K [0x0000000615580000, 0x000000071f100000, 0x00000007c0000000)
  eden space 4195840K, 100% used [0x0000000615580000,0x0000000715700000,0x0000000715700000)
  from space 59904K, 55% used [0x000000071b680000,0x000000071d6bfa40,0x000000071f100000)
  to   space 78848K, 0% used [0x0000000715700000,0x0000000715700000,0x000000071a400000)
 ParOldGen       total 171520K, used 137652K [0x00000002c0000000, 0x00000002ca780000, 0x0000000615580000)
  object space 171520K, 80% used [0x00000002c0000000,0x00000002c866d3d8,0x00000002ca780000)
 Metaspace       used 55657K, capacity 55996K, committed 56408K, reserved 1097728K
  class space    used 7937K, capacity 8062K, committed 8064K, reserved 1048576K
Event: 56.120 GC heap after
Heap after GC invocations=39 (full 2):
 PSYoungGen      total 4274688K, used 32763K [0x0000000615580000, 0x000000073b100000, 0x00000007c0000000)
  eden space 4195840K, 0% used [0x0000000615580000,0x0000000615580000,0x0000000715700000)
  from space 78848K, 41% used [0x0000000715700000,0x00000007176fedd0,0x000000071a400000)
  to   space 76288K, 0% used [0x0000000736680000,0x0000000736680000,0x000000073b100000)
 ParOldGen       total 171520K, used 137652K [0x00000002c0000000, 0x00000002ca780000, 0x0000000615580000)
  object space 171520K, 80% used [0x00000002c0000000,0x00000002c866d3d8,0x00000002ca780000)
 Metaspace       used 55657K, capacity 55996K, committed 56408K, reserved 1097728K
  class space    used 7937K, capacity 8062K, committed 8064K, reserved 1048576K
}
Event: 59.602 GC heap before
{Heap before GC invocations=40 (full 2):
 PSYoungGen      total 4274688K, used 4228603K [0x0000000615580000, 0x000000073b100000, 0x00000007c0000000)
  eden space 4195840K, 100% used [0x0000000615580000,0x0000000715700000,0x0000000715700000)
  from space 78848K, 41% used [0x0000000715700000,0x00000007176fedd0,0x000000071a400000)
  to   space 76288K, 0% used [0x0000000736680000,0x0000000736680000,0x000000073b100000)
 ParOldGen       total 171520K, used 137652K [0x00000002c0000000, 0x00000002ca780000, 0x0000000615580000)
  object space 171520K, 80% used [0x00000002c0000000,0x00000002c866d3d8,0x00000002ca780000)
 Metaspace       used 55657K, capacity 55996K, committed 56408K, reserved 1097728K
  class space    used 7937K, capacity 8062K, committed 8064K, reserved 1048576K
Event: 59.615 GC heap after
Heap after GC invocations=40 (full 2):
 PSYoungGen      total 4639232K, used 32047K [0x0000000615580000, 0x0000000738600000, 0x00000007c0000000)
  eden space 4606976K, 0% used [0x0000000615580000,0x0000000615580000,0x000000072e880000)
  from space 32256K, 99% used [0x0000000736680000,0x00000007385cbc20,0x0000000738600000)
  to   space 73728K, 0% used [0x000000072f600000,0x000000072f600000,0x0000000733e00000)
 ParOldGen       total 171520K, used 137660K [0x00000002c0000000, 0x00000002ca780000, 0x0000000615580000)
  object space 171520K, 80% used [0x00000002c0000000,0x00000002c866f3d8,0x00000002ca780000)
 Metaspace       used 55657K, capacity 55996K, committed 56408K, reserved 1097728K
  class space    used 7937K, capacity 8062K, committed 8064K, reserved 1048576K
}

