# JRE version: Java(TM) SE Runtime Environment (8.0_161-b12) (build 1.8.0_161-b12)
# Java VM: Java HotSpot(TM) 64-Bit Server VM (25.161-b12 mixed mode windows-amd64 compressed oops)
Heap:
 PSYoungGen      total 3901440K, used 1733025K [0x0000000615580000, 0x0000000708e80000, 0x00000007c0000000)
  eden space 3875840K, 44% used [0x0000000615580000,0x000000067d913048,0x0000000701e80000)
  from space 25600K, 99% used [0x0000000707580000,0x0000000708e55450,0x0000000708e80000)
  to   space 47104K, 0% used [0x0000000703280000,0x0000000703280000,0x0000000706080000)
 ParOldGen       total 171008K, used 126958K [0x00000002c0000000, 0x00000002ca700000, 0x0000000615580000)
  object space 171008K, 74% used [0x00000002c0000000,0x00000002c7bfb810,0x00000002ca700000)
 Metaspace       used 55723K, capacity 56060K, committed 56408K, reserved 1097728K
  class space    used 7947K, capacity 8062K, committed 8064K, reserved 1048576K
GC Heap History (10 events):
Event: 55.165 GC heap before
{Heap before GC invocations=40 (full 2):
 PSYoungGen      total 2888704K, used 2858163K [0x0000000615580000, 0x00000006df400000, 0x00000007c0000000)
  eden space 2828288K, 100% used [0x0000000615580000,0x00000006c1f80000,0x00000006c1f80000)
  from space 60416K, 49% used [0x00000006c1f80000,0x00000006c3caccc0,0x00000006c5a80000)
  to   space 58368K, 0% used [0x00000006dbb00000,0x00000006dbb00000,0x00000006df400000)
 ParOldGen       total 171008K, used 124596K [0x00000002c0000000, 0x00000002ca700000, 0x0000000615580000)
  object space 171008K, 72% used [0x00000002c0000000,0x00000002c79ad268,0x00000002ca700000)
 Metaspace       used 55569K, capacity 55996K, committed 56408K, reserved 1097728K
  class space    used 7935K, capacity 8062K, committed 8064K, reserved 1048576K
Event: 55.177 GC heap after
Heap after GC invocations=40 (full 2):
 PSYoungGen      total 3227136K, used 29438K [0x0000000615580000, 0x00000006de680000, 0x00000007c0000000)
  eden space 3182592K, 0% used [0x0000000615580000,0x0000000615580000,0x00000006d7980000)
  from space 44544K, 66% used [0x00000006dbb00000,0x00000006dd7bf870,0x00000006de680000)
  to   space 55808K, 0% used [0x00000006d7980000,0x00000006d7980000,0x00000006db000000)
 ParOldGen       total 171008K, used 124652K [0x00000002c0000000, 0x00000002ca700000, 0x0000000615580000)
  object space 171008K, 72% used [0x00000002c0000000,0x00000002c79bb268,0x00000002ca700000)
 Metaspace       used 55569K, capacity 55996K, committed 56408K, reserved 1097728K
  class space    used 7935K, capacity 8062K, committed 8064K, reserved 1048576K
}
Event: 56.090 GC heap before
{Heap before GC invocations=41 (full 2):
 PSYoungGen      total 3227136K, used 3212030K [0x0000000615580000, 0x00000006de680000, 0x00000007c0000000)
  eden space 3182592K, 100% used [0x0000000615580000,0x00000006d7980000,0x00000006d7980000)
  from space 44544K, 66% used [0x00000006dbb00000,0x00000006dd7bf870,0x00000006de680000)
  to   space 55808K, 0% used [0x00000006d7980000,0x00000006d7980000,0x00000006db000000)
 ParOldGen       total 171008K, used 124652K [0x00000002c0000000, 0x00000002ca700000, 0x0000000615580000)
  object space 171008K, 72% used [0x00000002c0000000,0x00000002c79bb268,0x00000002ca700000)
 Metaspace       used 55622K, capacity 55996K, committed 56408K, reserved 1097728K
  class space    used 7939K, capacity 8062K, committed 8064K, reserved 1048576K
Event: 56.102 GC heap after
Heap after GC invocations=41 (full 2):
 PSYoungGen      total 3238400K, used 28733K [0x0000000615580000, 0x00000006f5900000, 0x00000007c0000000)
  eden space 3182592K, 0% used [0x0000000615580000,0x0000000615580000,0x00000006d7980000)
  from space 55808K, 51% used [0x00000006d7980000,0x00000006d958f4b0,0x00000006db000000)
  to   space 53248K, 0% used [0x00000006f2500000,0x00000006f2500000,0x00000006f5900000)
 ParOldGen       total 171008K, used 124716K [0x00000002c0000000, 0x00000002ca700000, 0x0000000615580000)
  object space 171008K, 72% used [0x00000002c0000000,0x00000002c79cb268,0x00000002ca700000)
 Metaspace       used 55622K, capacity 55996K, committed 56408K, reserved 1097728K
  class space    used 7939K, capacity 8062K, committed 8064K, reserved 1048576K
}
Event: 56.985 GC heap before
{Heap before GC invocations=42 (full 2):
 PSYoungGen      total 3238400K, used 3211325K [0x0000000615580000, 0x00000006f5900000, 0x00000007c0000000)
  eden space 3182592K, 100% used [0x0000000615580000,0x00000006d7980000,0x00000006d7980000)
  from space 55808K, 51% used [0x00000006d7980000,0x00000006d958f4b0,0x00000006db000000)
  to   space 53248K, 0% used [0x00000006f2500000,0x00000006f2500000,0x00000006f5900000)
 ParOldGen       total 171008K, used 124716K [0x00000002c0000000, 0x00000002ca700000, 0x0000000615580000)
  object space 171008K, 72% used [0x00000002c0000000,0x00000002c79cb268,0x00000002ca700000)
 Metaspace       used 55622K, capacity 55996K, committed 56408K, reserved 1097728K
  class space    used 7939K, capacity 8062K, committed 8064K, reserved 1048576K
Event: 56.998 GC heap after
Heap after GC invocations=42 (full 2):
 PSYoungGen      total 3599872K, used 28550K [0x0000000615580000, 0x00000006f4d00000, 0x00000007c0000000)
  eden space 3558912K, 0% used [0x0000000615580000,0x0000000615580000,0x00000006ee900000)
  from space 40960K, 69% used [0x00000006f2500000,0x00000006f40e1820,0x00000006f4d00000)
  to   space 51200K, 0% used [0x00000006ee900000,0x00000006ee900000,0x00000006f1b00000)
 ParOldGen       total 171008K, used 124732K [0x00000002c0000000, 0x00000002ca700000, 0x0000000615580000)
  object space 171008K, 72% used [0x00000002c0000000,0x00000002c79cf268,0x00000002ca700000)
 Metaspace       used 55622K, capacity 55996K, committed 56408K, reserved 1097728K
  class space    used 7939K, capacity 8062K, committed 8064K, reserved 1048576K
}
Event: 58.085 GC heap before
{Heap before GC invocations=43 (full 2):
 PSYoungGen      total 3599872K, used 3587462K [0x0000000615580000, 0x00000006f4d00000, 0x00000007c0000000)
  eden space 3558912K, 100% used [0x0000000615580000,0x00000006ee900000,0x00000006ee900000)
  from space 40960K, 69% used [0x00000006f2500000,0x00000006f40e1820,0x00000006f4d00000)
  to   space 51200K, 0% used [0x00000006ee900000,0x00000006ee900000,0x00000006f1b00000)
 ParOldGen       total 171008K, used 124732K [0x00000002c0000000, 0x00000002ca700000, 0x0000000615580000)
  object space 171008K, 72% used [0x00000002c0000000,0x00000002c79cf268,0x00000002ca700000)
 Metaspace       used 55624K, capacity 55996K, committed 56408K, reserved 1097728K
  class space    used 7939K, capacity 8062K, committed 8064K, reserved 1048576K
Event: 58.098 GC heap after
Heap after GC invocations=43 (full 2):
 PSYoungGen      total 3610112K, used 27458K [0x0000000615580000, 0x000000070a500000, 0x00000007c0000000)
  eden space 3558912K, 0% used [0x0000000615580000,0x0000000615580000,0x00000006ee900000)
  from space 51200K, 53% used [0x00000006ee900000,0x00000006f03d0b38,0x00000006f1b00000)
  to   space 48640K, 0% used [0x0000000707580000,0x0000000707580000,0x000000070a500000)
 ParOldGen       total 171008K, used 126027K [0x00000002c0000000, 0x00000002ca700000, 0x0000000615580000)
  object space 171008K, 73% used [0x00000002c0000000,0x00000002c7b12f40,0x00000002ca700000)
 Metaspace       used 55624K, capacity 55996K, committed 56408K, reserved 1097728K
  class space    used 7939K, capacity 8062K, committed 8064K, reserved 1048576K
}
Event: 60.858 GC heap before
{Heap before GC invocations=44 (full 2):
 PSYoungGen      total 3610112K, used 3586370K [0x0000000615580000, 0x000000070a500000, 0x00000007c0000000)
  eden space 3558912K, 100% used [0x0000000615580000,0x00000006ee900000,0x00000006ee900000)
  from space 51200K, 53% used [0x00000006ee900000,0x00000006f03d0b38,0x00000006f1b00000)
  to   space 48640K, 0% used [0x0000000707580000,0x0000000707580000,0x000000070a500000)
 ParOldGen       total 171008K, used 126027K [0x00000002c0000000, 0x00000002ca700000, 0x0000000615580000)
  object space 171008K, 73% used [0x00000002c0000000,0x00000002c7b12f40,0x00000002ca700000)
 Metaspace       used 55641K, capacity 55996K, committed 56408K, reserved 1097728K
  class space    used 7939K, capacity 8062K, committed 8064K, reserved 1048576K
Event: 60.868 GC heap after
Heap after GC invocations=44 (full 2):
 PSYoungGen      total 3901440K, used 25429K [0x0000000615580000, 0x0000000708e80000, 0x00000007c0000000)
  eden space 3875840K, 0% used [0x0000000615580000,0x0000000615580000,0x0000000701e80000)
  from space 25600K, 99% used [0x0000000707580000,0x0000000708e55450,0x0000000708e80000)
  to   space 47104K, 0% used [0x0000000703280000,0x0000000703280000,0x0000000706080000)
 ParOldGen       total 171008K, used 126958K [0x00000002c0000000, 0x00000002ca700000, 0x0000000615580000)
  object space 171008K, 74% used [0x00000002c0000000,0x00000002c7bfb810,0x00000002ca700000)
 Metaspace       used 55641K, capacity 55996K, committed 56408K, reserved 1097728K
  class space    used 7939K, capacity 8062K, committed 8064K, reserved 1048576K
}

