# JRE version: Java(TM) SE Runtime Environment (8.0_161-b12) (build 1.8.0_161-b12)
# Java VM: Java HotSpot(TM) 64-Bit Server VM (25.161-b12 mixed mode windows-amd64 compressed oops)
Heap:
 PSYoungGen      total 5783040K, used 4771090K [0x0000000615580000, 0x000000077f200000, 0x00000007c0000000)
  eden space 5655040K, 83% used [0x0000000615580000,0x0000000735773e98,0x000000076e800000)
  from space 128000K, 39% used [0x0000000776000000,0x0000000779150980,0x000000077dd00000)
  to   space 122880K, 0% used [0x000000076e800000,0x000000076e800000,0x0000000776000000)
 ParOldGen       total 605696K, used 349152K [0x00000002c0000000, 0x00000002e4f80000, 0x0000000615580000)
  object space 605696K, 57% used [0x00000002c0000000,0x00000002d54f8230,0x00000002e4f80000)
 Metaspace       used 58437K, capacity 58882K, committed 59600K, reserved 1099776K
  class space    used 8171K, capacity 8319K, committed 8444K, reserved 1048576K
GC Heap History (10 events):
Event: 148.117 GC heap before
{Heap before GC invocations=54 (full 4):
 PSYoungGen      total 5003264K, used 4854737K [0x0000000615580000, 0x0000000760700000, 0x00000007c0000000)
  eden space 4850688K, 100% used [0x0000000615580000,0x000000073d680000,0x000000073d680000)
  from space 152576K, 2% used [0x000000073d680000,0x000000073da745c8,0x0000000746b80000)
  to   space 148992K, 0% used [0x0000000757580000,0x0000000757580000,0x0000000760700000)
 ParOldGen       total 605696K, used 349112K [0x00000002c0000000, 0x00000002e4f80000, 0x0000000615580000)
  object space 605696K, 57% used [0x00000002c0000000,0x00000002d54ee230,0x00000002e4f80000)
 Metaspace       used 55975K, capacity 56354K, committed 57040K, reserved 1097728K
  class space    used 7971K, capacity 8095K, committed 8188K, reserved 1048576K
Event: 148.120 GC heap after
Heap after GC invocations=54 (full 4):
 PSYoungGen      total 5195776K, used 3291K [0x0000000615580000, 0x000000075dc00000, 0x00000007c0000000)
  eden space 5090816K, 0% used [0x0000000615580000,0x0000000615580000,0x000000074c100000)
  from space 104960K, 3% used [0x0000000757580000,0x00000007578b6cc8,0x000000075dc00000)
  to   space 144896K, 0% used [0x000000074c100000,0x000000074c100000,0x0000000754e80000)
 ParOldGen       total 605696K, used 349120K [0x00000002c0000000, 0x00000002e4f80000, 0x0000000615580000)
  object space 605696K, 57% used [0x00000002c0000000,0x00000002d54f0230,0x00000002e4f80000)
 Metaspace       used 55975K, capacity 56354K, committed 57040K, reserved 1097728K
  class space    used 7971K, capacity 8095K, committed 8188K, reserved 1048576K
}
Event: 161.905 GC heap before
{Heap before GC invocations=55 (full 4):
 PSYoungGen      total 5195776K, used 5094107K [0x0000000615580000, 0x000000075dc00000, 0x00000007c0000000)
  eden space 5090816K, 100% used [0x0000000615580000,0x000000074c100000,0x000000074c100000)
  from space 104960K, 3% used [0x0000000757580000,0x00000007578b6cc8,0x000000075dc00000)
  to   space 144896K, 0% used [0x000000074c100000,0x000000074c100000,0x0000000754e80000)
 ParOldGen       total 605696K, used 349120K [0x00000002c0000000, 0x00000002e4f80000, 0x0000000615580000)
  object space 605696K, 57% used [0x00000002c0000000,0x00000002d54f0230,0x00000002e4f80000)
 Metaspace       used 56287K, capacity 56642K, committed 57296K, reserved 1097728K
  class space    used 7995K, capacity 8127K, committed 8188K, reserved 1048576K
Event: 161.917 GC heap after
Heap after GC invocations=55 (full 4):
 PSYoungGen      total 5235712K, used 39460K [0x0000000615580000, 0x0000000769680000, 0x00000007c0000000)
  eden space 5090816K, 0% used [0x0000000615580000,0x0000000615580000,0x000000074c100000)
  from space 144896K, 27% used [0x000000074c100000,0x000000074e789068,0x0000000754e80000)
  to   space 134656K, 0% used [0x0000000761300000,0x0000000761300000,0x0000000769680000)
 ParOldGen       total 605696K, used 349128K [0x00000002c0000000, 0x00000002e4f80000, 0x0000000615580000)
  object space 605696K, 57% used [0x00000002c0000000,0x00000002d54f2230,0x00000002e4f80000)
 Metaspace       used 56287K, capacity 56642K, committed 57296K, reserved 1097728K
  class space    used 7995K, capacity 8127K, committed 8188K, reserved 1048576K
}
Event: 172.026 GC heap before
{Heap before GC invocations=56 (full 4):
 PSYoungGen      total 5235712K, used 5130276K [0x0000000615580000, 0x0000000769680000, 0x00000007c0000000)
  eden space 5090816K, 100% used [0x0000000615580000,0x000000074c100000,0x000000074c100000)
  from space 144896K, 27% used [0x000000074c100000,0x000000074e789068,0x0000000754e80000)
  to   space 134656K, 0% used [0x0000000761300000,0x0000000761300000,0x0000000769680000)
 ParOldGen       total 605696K, used 349128K [0x00000002c0000000, 0x00000002e4f80000, 0x0000000615580000)
  object space 605696K, 57% used [0x00000002c0000000,0x00000002d54f2230,0x00000002e4f80000)
 Metaspace       used 56605K, capacity 56994K, committed 57552K, reserved 1099776K
  class space    used 8020K, capacity 8159K, committed 8188K, reserved 1048576K
Event: 172.055 GC heap after
Heap after GC invocations=56 (full 4):
 PSYoungGen      total 5422592K, used 58723K [0x0000000615580000, 0x0000000768d80000, 0x00000007c0000000)
  eden space 5297152K, 0% used [0x0000000615580000,0x0000000615580000,0x0000000758a80000)
  from space 125440K, 46% used [0x0000000761300000,0x0000000764c58ed0,0x0000000768d80000)
  to   space 132608K, 0% used [0x0000000758a80000,0x0000000758a80000,0x0000000760c00000)
 ParOldGen       total 605696K, used 349136K [0x00000002c0000000, 0x00000002e4f80000, 0x0000000615580000)
  object space 605696K, 57% used [0x00000002c0000000,0x00000002d54f4230,0x00000002e4f80000)
 Metaspace       used 56605K, capacity 56994K, committed 57552K, reserved 1099776K
  class space    used 8020K, capacity 8159K, committed 8188K, reserved 1048576K
}
Event: 173.972 GC heap before
{Heap before GC invocations=57 (full 4):
 PSYoungGen      total 5422592K, used 5355875K [0x0000000615580000, 0x0000000768d80000, 0x00000007c0000000)
  eden space 5297152K, 100% used [0x0000000615580000,0x0000000758a80000,0x0000000758a80000)
  from space 125440K, 46% used [0x0000000761300000,0x0000000764c58ed0,0x0000000768d80000)
  to   space 132608K, 0% used [0x0000000758a80000,0x0000000758a80000,0x0000000760c00000)
 ParOldGen       total 605696K, used 349136K [0x00000002c0000000, 0x00000002e4f80000, 0x0000000615580000)
  object space 605696K, 57% used [0x00000002c0000000,0x00000002d54f4230,0x00000002e4f80000)
 Metaspace       used 58340K, capacity 58722K, committed 59216K, reserved 1099776K
  class space    used 8164K, capacity 8287K, committed 8316K, reserved 1048576K
Event: 174.003 GC heap after
Heap after GC invocations=57 (full 4):
 PSYoungGen      total 5429760K, used 52277K [0x0000000615580000, 0x000000077dd00000, 0x00000007c0000000)
  eden space 5297152K, 0% used [0x0000000615580000,0x0000000615580000,0x0000000758a80000)
  from space 132608K, 39% used [0x0000000758a80000,0x000000075bd8d600,0x0000000760c00000)
  to   space 128000K, 0% used [0x0000000776000000,0x0000000776000000,0x000000077dd00000)
 ParOldGen       total 605696K, used 349144K [0x00000002c0000000, 0x00000002e4f80000, 0x0000000615580000)
  object space 605696K, 57% used [0x00000002c0000000,0x00000002d54f6230,0x00000002e4f80000)
 Metaspace       used 58340K, capacity 58722K, committed 59216K, reserved 1099776K
  class space    used 8164K, capacity 8287K, committed 8316K, reserved 1048576K
}
Event: 176.082 GC heap before
{Heap before GC invocations=58 (full 4):
 PSYoungGen      total 5429760K, used 5349429K [0x0000000615580000, 0x000000077dd00000, 0x00000007c0000000)
  eden space 5297152K, 100% used [0x0000000615580000,0x0000000758a80000,0x0000000758a80000)
  from space 132608K, 39% used [0x0000000758a80000,0x000000075bd8d600,0x0000000760c00000)
  to   space 128000K, 0% used [0x0000000776000000,0x0000000776000000,0x000000077dd00000)
 ParOldGen       total 605696K, used 349144K [0x00000002c0000000, 0x00000002e4f80000, 0x0000000615580000)
  object space 605696K, 57% used [0x00000002c0000000,0x00000002d54f6230,0x00000002e4f80000)
 Metaspace       used 58369K, capacity 58786K, committed 59472K, reserved 1099776K
  class space    used 8164K, capacity 8287K, committed 8316K, reserved 1048576K
Event: 176.102 GC heap after
Heap after GC invocations=58 (full 4):
 PSYoungGen      total 5783040K, used 50498K [0x0000000615580000, 0x000000077f200000, 0x00000007c0000000)
  eden space 5655040K, 0% used [0x0000000615580000,0x0000000615580000,0x000000076e800000)
  from space 128000K, 39% used [0x0000000776000000,0x0000000779150980,0x000000077dd00000)
  to   space 122880K, 0% used [0x000000076e800000,0x000000076e800000,0x0000000776000000)
 ParOldGen       total 605696K, used 349152K [0x00000002c0000000, 0x00000002e4f80000, 0x0000000615580000)
  object space 605696K, 57% used [0x00000002c0000000,0x00000002d54f8230,0x00000002e4f80000)
 Metaspace       used 58369K, capacity 58786K, committed 59472K, reserved 1099776K
  class space    used 8164K, capacity 8287K, committed 8316K, reserved 1048576K
}

