# JRE version: Java(TM) SE Runtime Environment (8.0_161-b12) (build 1.8.0_161-b12)
# Java VM: Java HotSpot(TM) 64-Bit Server VM (25.161-b12 mixed mode windows-amd64 compressed oops)
Heap:
 PSYoungGen      total 1601024K, used 1187882K [0x0000000615580000, 0x0000000680780000, 0x00000007c0000000)
  eden space 1563136K, 73% used [0x0000000615580000,0x000000065b8c5af8,0x0000000674c00000)
  from space 37888K, 99% used [0x000000067b480000,0x000000067d944de0,0x000000067d980000)
  to   space 47104K, 0% used [0x000000067d980000,0x000000067d980000,0x0000000680780000)
 ParOldGen       total 404480K, used 225734K [0x00000002c0000000, 0x00000002d8b00000, 0x0000000615580000)
  object space 404480K, 55% used [0x00000002c0000000,0x00000002cdc71850,0x00000002d8b00000)
 Metaspace       used 56080K, capacity 56450K, committed 57048K, reserved 1097728K
  class space    used 7978K, capacity 8127K, committed 8192K, reserved 1048576K
GC Heap History (10 events):
Event: 224.736 GC heap before
{Heap before GC invocations=55 (full 4):
 PSYoungGen      total 1628160K, used 24921K [0x0000000615580000, 0x0000000688a00000, 0x00000007c0000000)
  eden space 1551872K, 0% used [0x0000000615580000,0x0000000615580000,0x0000000674100000)
  from space 76288K, 32% used [0x0000000674100000,0x00000006759566f8,0x0000000678b80000)
  to   space 71680K, 0% used [0x0000000684400000,0x0000000684400000,0x0000000688a00000)
 ParOldGen       total 257024K, used 255792K [0x00000002c0000000, 0x00000002cfb00000, 0x0000000615580000)
  object space 257024K, 99% used [0x00000002c0000000,0x00000002cf9cc1f0,0x00000002cfb00000)
 Metaspace       used 55154K, capacity 55586K, committed 56152K, reserved 1097728K
  class space    used 7903K, capacity 8031K, committed 8064K, reserved 1048576K
Event: 224.842 GC heap after
Heap after GC invocations=55 (full 4):
 PSYoungGen      total 1628160K, used 0K [0x0000000615580000, 0x0000000688a00000, 0x00000007c0000000)
  eden space 1551872K, 0% used [0x0000000615580000,0x0000000615580000,0x0000000674100000)
  from space 76288K, 0% used [0x0000000674100000,0x0000000674100000,0x0000000678b80000)
  to   space 71680K, 0% used [0x0000000684400000,0x0000000684400000,0x0000000688a00000)
 ParOldGen       total 404480K, used 135739K [0x00000002c0000000, 0x00000002d8b00000, 0x0000000615580000)
  object space 404480K, 33% used [0x00000002c0000000,0x00000002c848efc0,0x00000002d8b00000)
 Metaspace       used 55154K, capacity 55586K, committed 56152K, reserved 1097728K
  class space    used 7903K, capacity 8031K, committed 8064K, reserved 1048576K
}
Event: 235.048 GC heap before
{Heap before GC invocations=56 (full 4):
 PSYoungGen      total 1628160K, used 1551872K [0x0000000615580000, 0x0000000688a00000, 0x00000007c0000000)
  eden space 1551872K, 100% used [0x0000000615580000,0x0000000674100000,0x0000000674100000)
  from space 76288K, 0% used [0x0000000674100000,0x0000000674100000,0x0000000678b80000)
  to   space 71680K, 0% used [0x0000000684400000,0x0000000684400000,0x0000000688a00000)
 ParOldGen       total 404480K, used 135739K [0x00000002c0000000, 0x00000002d8b00000, 0x0000000615580000)
  object space 404480K, 33% used [0x00000002c0000000,0x00000002c848efc0,0x00000002d8b00000)
 Metaspace       used 55154K, capacity 55586K, committed 56152K, reserved 1097728K
  class space    used 7903K, capacity 8031K, committed 8064K, reserved 1048576K
Event: 235.065 GC heap after
Heap after GC invocations=56 (full 4):
 PSYoungGen      total 1506816K, used 22791K [0x0000000615580000, 0x0000000685a80000, 0x00000007c0000000)
  eden space 1483776K, 0% used [0x0000000615580000,0x0000000615580000,0x000000066fe80000)
  from space 23040K, 98% used [0x0000000684400000,0x0000000685a41f10,0x0000000685a80000)
  to   space 67072K, 0% used [0x000000067d780000,0x000000067d780000,0x0000000681900000)
 ParOldGen       total 404480K, used 135739K [0x00000002c0000000, 0x00000002d8b00000, 0x0000000615580000)
  object space 404480K, 33% used [0x00000002c0000000,0x00000002c848efc0,0x00000002d8b00000)
 Metaspace       used 55154K, capacity 55586K, committed 56152K, reserved 1097728K
  class space    used 7903K, capacity 8031K, committed 8064K, reserved 1048576K
}
Event: 243.583 GC heap before
{Heap before GC invocations=57 (full 4):
 PSYoungGen      total 1506816K, used 1506567K [0x0000000615580000, 0x0000000685a80000, 0x00000007c0000000)
  eden space 1483776K, 100% used [0x0000000615580000,0x000000066fe80000,0x000000066fe80000)
  from space 23040K, 98% used [0x0000000684400000,0x0000000685a41f10,0x0000000685a80000)
  to   space 67072K, 0% used [0x000000067d780000,0x000000067d780000,0x0000000681900000)
 ParOldGen       total 404480K, used 135739K [0x00000002c0000000, 0x00000002d8b00000, 0x0000000615580000)
  object space 404480K, 33% used [0x00000002c0000000,0x00000002c848efc0,0x00000002d8b00000)
 Metaspace       used 55221K, capacity 55586K, committed 56152K, reserved 1097728K
  class space    used 7905K, capacity 8031K, committed 8064K, reserved 1048576K
Event: 243.599 GC heap after
Heap after GC invocations=57 (full 4):
 PSYoungGen      total 1441280K, used 21589K [0x0000000615580000, 0x0000000684480000, 0x00000007c0000000)
  eden space 1419264K, 0% used [0x0000000615580000,0x0000000615580000,0x000000066bf80000)
  from space 22016K, 98% used [0x000000067d780000,0x000000067ec95700,0x000000067ed00000)
  to   space 62976K, 0% used [0x0000000680700000,0x0000000680700000,0x0000000684480000)
 ParOldGen       total 404480K, used 160402K [0x00000002c0000000, 0x00000002d8b00000, 0x0000000615580000)
  object space 404480K, 39% used [0x00000002c0000000,0x00000002c9ca4a90,0x00000002d8b00000)
 Metaspace       used 55221K, capacity 55586K, committed 56152K, reserved 1097728K
  class space    used 7905K, capacity 8031K, committed 8064K, reserved 1048576K
}
Event: 248.047 GC heap before
{Heap before GC invocations=58 (full 4):
 PSYoungGen      total 1441280K, used 1440853K [0x0000000615580000, 0x0000000684480000, 0x00000007c0000000)
  eden space 1419264K, 100% used [0x0000000615580000,0x000000066bf80000,0x000000066bf80000)
  from space 22016K, 98% used [0x000000067d780000,0x000000067ec95700,0x000000067ed00000)
  to   space 62976K, 0% used [0x0000000680700000,0x0000000680700000,0x0000000684480000)
 ParOldGen       total 404480K, used 160402K [0x00000002c0000000, 0x00000002d8b00000, 0x0000000615580000)
  object space 404480K, 39% used [0x00000002c0000000,0x00000002c9ca4a90,0x00000002d8b00000)
 Metaspace       used 55670K, capacity 56066K, committed 56664K, reserved 1097728K
  class space    used 7935K, capacity 8063K, committed 8064K, reserved 1048576K
Event: 248.077 GC heap after
Heap after GC invocations=58 (full 4):
 PSYoungGen      total 1418752K, used 60913K [0x0000000615580000, 0x0000000684280000, 0x00000007c0000000)
  eden space 1357824K, 0% used [0x0000000615580000,0x0000000615580000,0x0000000668380000)
  from space 60928K, 99% used [0x0000000680700000,0x000000068427c780,0x0000000684280000)
  to   space 72704K, 0% used [0x000000067b480000,0x000000067b480000,0x000000067fb80000)
 ParOldGen       total 404480K, used 180367K [0x00000002c0000000, 0x00000002d8b00000, 0x0000000615580000)
  object space 404480K, 44% used [0x00000002c0000000,0x00000002cb023d80,0x00000002d8b00000)
 Metaspace       used 55670K, capacity 56066K, committed 56664K, reserved 1097728K
  class space    used 7935K, capacity 8063K, committed 8064K, reserved 1048576K
}
Event: 248.759 GC heap before
{Heap before GC invocations=59 (full 4):
 PSYoungGen      total 1418752K, used 1418737K [0x0000000615580000, 0x0000000684280000, 0x00000007c0000000)
  eden space 1357824K, 100% used [0x0000000615580000,0x0000000668380000,0x0000000668380000)
  from space 60928K, 99% used [0x0000000680700000,0x000000068427c780,0x0000000684280000)
  to   space 72704K, 0% used [0x000000067b480000,0x000000067b480000,0x000000067fb80000)
 ParOldGen       total 404480K, used 180367K [0x00000002c0000000, 0x00000002d8b00000, 0x0000000615580000)
  object space 404480K, 44% used [0x00000002c0000000,0x00000002cb023d80,0x00000002d8b00000)
 Metaspace       used 55975K, capacity 56354K, committed 57048K, reserved 1097728K
  class space    used 7964K, capacity 8095K, committed 8192K, reserved 1048576K
Event: 248.782 GC heap after
Heap after GC invocations=59 (full 4):
 PSYoungGen      total 1601024K, used 37651K [0x0000000615580000, 0x0000000680780000, 0x00000007c0000000)
  eden space 1563136K, 0% used [0x0000000615580000,0x0000000615580000,0x0000000674c00000)
  from space 37888K, 99% used [0x000000067b480000,0x000000067d944de0,0x000000067d980000)
  to   space 47104K, 0% used [0x000000067d980000,0x000000067d980000,0x0000000680780000)
 ParOldGen       total 404480K, used 225734K [0x00000002c0000000, 0x00000002d8b00000, 0x0000000615580000)
  object space 404480K, 55% used [0x00000002c0000000,0x00000002cdc71850,0x00000002d8b00000)
 Metaspace       used 55975K, capacity 56354K, committed 57048K, reserved 1097728K
  class space    used 7964K, capacity 8095K, committed 8192K, reserved 1048576K
}

