# JRE version: Java(TM) SE Runtime Environment (8.0_161-b12) (build 1.8.0_161-b12)
# Java VM: Java HotSpot(TM) 64-Bit Server VM (25.161-b12 mixed mode windows-amd64 compressed oops)
Heap:
 PSYoungGen      total 1606144K, used 146673K [0x0000000615580000, 0x0000000692900000, 0x00000007c0000000)
  eden space 1604096K, 9% used [0x0000000615580000,0x000000061e307158,0x0000000677400000)
  from space 2048K, 85% used [0x0000000692700000,0x00000006928b54b0,0x0000000692900000)
  to   space 14848K, 0% used [0x0000000690c00000,0x0000000690c00000,0x0000000691a80000)
 ParOldGen       total 174592K, used 94726K [0x00000002c0000000, 0x00000002caa80000, 0x0000000615580000)
  object space 174592K, 54% used [0x00000002c0000000,0x00000002c5c81800,0x00000002caa80000)
 Metaspace       used 56918K, capacity 57330K, committed 57816K, reserved 1099776K
  class space    used 7977K, capacity 8137K, committed 8192K, reserved 1048576K
GC Heap History (10 events):
Event: 74.811 GC heap before
{Heap before GC invocations=44 (full 2):
 PSYoungGen      total 2052096K, used 2033690K [0x0000000615580000, 0x0000000695a80000, 0x00000007c0000000)
  eden space 2030592K, 100% used [0x0000000615580000,0x0000000691480000,0x0000000691480000)
  from space 21504K, 14% used [0x0000000691480000,0x0000000691786950,0x0000000692980000)
  to   space 19968K, 0% used [0x0000000694700000,0x0000000694700000,0x0000000695a80000)
 ParOldGen       total 174592K, used 94614K [0x00000002c0000000, 0x00000002caa80000, 0x0000000615580000)
  object space 174592K, 54% used [0x00000002c0000000,0x00000002c5c65800,0x00000002caa80000)
 Metaspace       used 56724K, capacity 57138K, committed 57816K, reserved 1099776K
  class space    used 7963K, capacity 8073K, committed 8192K, reserved 1048576K
Event: 74.814 GC heap after
Heap after GC invocations=44 (full 2):
 PSYoungGen      total 1938432K, used 1812K [0x0000000615580000, 0x0000000694900000, 0x00000007c0000000)
  eden space 1936384K, 0% used [0x0000000615580000,0x0000000615580000,0x000000068b880000)
  from space 2048K, 88% used [0x0000000694700000,0x00000006948c51b0,0x0000000694900000)
  to   space 18944K, 0% used [0x0000000692400000,0x0000000692400000,0x0000000693680000)
 ParOldGen       total 174592K, used 94646K [0x00000002c0000000, 0x00000002caa80000, 0x0000000615580000)
  object space 174592K, 54% used [0x00000002c0000000,0x00000002c5c6d800,0x00000002caa80000)
 Metaspace       used 56724K, capacity 57138K, committed 57816K, reserved 1099776K
  class space    used 7963K, capacity 8073K, committed 8192K, reserved 1048576K
}
Event: 76.975 GC heap before
{Heap before GC invocations=45 (full 2):
 PSYoungGen      total 1938432K, used 1938196K [0x0000000615580000, 0x0000000694900000, 0x00000007c0000000)
  eden space 1936384K, 100% used [0x0000000615580000,0x000000068b880000,0x000000068b880000)
  from space 2048K, 88% used [0x0000000694700000,0x00000006948c51b0,0x0000000694900000)
  to   space 18944K, 0% used [0x0000000692400000,0x0000000692400000,0x0000000693680000)
 ParOldGen       total 174592K, used 94646K [0x00000002c0000000, 0x00000002caa80000, 0x0000000615580000)
  object space 174592K, 54% used [0x00000002c0000000,0x00000002c5c6d800,0x00000002caa80000)
 Metaspace       used 56724K, capacity 57138K, committed 57816K, reserved 1099776K
  class space    used 7963K, capacity 8073K, committed 8192K, reserved 1048576K
Event: 76.978 GC heap after
Heap after GC invocations=45 (full 2):
 PSYoungGen      total 1848832K, used 1781K [0x0000000615580000, 0x0000000694780000, 0x00000007c0000000)
  eden space 1846784K, 0% used [0x0000000615580000,0x0000000615580000,0x0000000686100000)
  from space 2048K, 86% used [0x0000000692400000,0x00000006925bd4b0,0x0000000692600000)
  to   space 17920K, 0% used [0x0000000693600000,0x0000000693600000,0x0000000694780000)
 ParOldGen       total 174592K, used 94678K [0x00000002c0000000, 0x00000002caa80000, 0x0000000615580000)
  object space 174592K, 54% used [0x00000002c0000000,0x00000002c5c75800,0x00000002caa80000)
 Metaspace       used 56724K, capacity 57138K, committed 57816K, reserved 1099776K
  class space    used 7963K, capacity 8073K, committed 8192K, reserved 1048576K
}
Event: 79.047 GC heap before
{Heap before GC invocations=46 (full 2):
 PSYoungGen      total 1848832K, used 1848565K [0x0000000615580000, 0x0000000694780000, 0x00000007c0000000)
  eden space 1846784K, 100% used [0x0000000615580000,0x0000000686100000,0x0000000686100000)
  from space 2048K, 86% used [0x0000000692400000,0x00000006925bd4b0,0x0000000692600000)
  to   space 17920K, 0% used [0x0000000693600000,0x0000000693600000,0x0000000694780000)
 ParOldGen       total 174592K, used 94678K [0x00000002c0000000, 0x00000002caa80000, 0x0000000615580000)
  object space 174592K, 54% used [0x00000002c0000000,0x00000002c5c75800,0x00000002caa80000)
 Metaspace       used 56724K, capacity 57138K, committed 57816K, reserved 1099776K
  class space    used 7963K, capacity 8073K, committed 8192K, reserved 1048576K
Event: 79.050 GC heap after
Heap after GC invocations=46 (full 2):
 PSYoungGen      total 1764864K, used 3030K [0x0000000615580000, 0x0000000693900000, 0x00000007c0000000)
  eden space 1761792K, 0% used [0x0000000615580000,0x0000000615580000,0x0000000680e00000)
  from space 3072K, 98% used [0x0000000693600000,0x00000006938f5a90,0x0000000693900000)
  to   space 16384K, 0% used [0x0000000691900000,0x0000000691900000,0x0000000692900000)
 ParOldGen       total 174592K, used 94678K [0x00000002c0000000, 0x00000002caa80000, 0x0000000615580000)
  object space 174592K, 54% used [0x00000002c0000000,0x00000002c5c75800,0x00000002caa80000)
 Metaspace       used 56724K, capacity 57138K, committed 57816K, reserved 1099776K
  class space    used 7963K, capacity 8073K, committed 8192K, reserved 1048576K
}
Event: 81.138 GC heap before
{Heap before GC invocations=47 (full 2):
 PSYoungGen      total 1764864K, used 1764822K [0x0000000615580000, 0x0000000693900000, 0x00000007c0000000)
  eden space 1761792K, 100% used [0x0000000615580000,0x0000000680e00000,0x0000000680e00000)
  from space 3072K, 98% used [0x0000000693600000,0x00000006938f5a90,0x0000000693900000)
  to   space 16384K, 0% used [0x0000000691900000,0x0000000691900000,0x0000000692900000)
 ParOldGen       total 174592K, used 94678K [0x00000002c0000000, 0x00000002caa80000, 0x0000000615580000)
  object space 174592K, 54% used [0x00000002c0000000,0x00000002c5c75800,0x00000002caa80000)
 Metaspace       used 56744K, capacity 57170K, committed 57816K, reserved 1099776K
  class space    used 7965K, capacity 8105K, committed 8192K, reserved 1048576K
Event: 81.141 GC heap after
Heap after GC invocations=47 (full 2):
 PSYoungGen      total 1682944K, used 1891K [0x0000000615580000, 0x0000000693680000, 0x00000007c0000000)
  eden space 1680896K, 0% used [0x0000000615580000,0x0000000615580000,0x000000067bf00000)
  from space 2048K, 92% used [0x0000000691900000,0x0000000691ad8ec0,0x0000000691b00000)
  to   space 15872K, 0% used [0x0000000692700000,0x0000000692700000,0x0000000693680000)
 ParOldGen       total 174592K, used 94710K [0x00000002c0000000, 0x00000002caa80000, 0x0000000615580000)
  object space 174592K, 54% used [0x00000002c0000000,0x00000002c5c7d800,0x00000002caa80000)
 Metaspace       used 56744K, capacity 57170K, committed 57816K, reserved 1099776K
  class space    used 7965K, capacity 8105K, committed 8192K, reserved 1048576K
}
Event: 83.067 GC heap before
{Heap before GC invocations=48 (full 2):
 PSYoungGen      total 1682944K, used 1682787K [0x0000000615580000, 0x0000000693680000, 0x00000007c0000000)
  eden space 1680896K, 100% used [0x0000000615580000,0x000000067bf00000,0x000000067bf00000)
  from space 2048K, 92% used [0x0000000691900000,0x0000000691ad8ec0,0x0000000691b00000)
  to   space 15872K, 0% used [0x0000000692700000,0x0000000692700000,0x0000000693680000)
 ParOldGen       total 174592K, used 94710K [0x00000002c0000000, 0x00000002caa80000, 0x0000000615580000)
  object space 174592K, 54% used [0x00000002c0000000,0x00000002c5c7d800,0x00000002caa80000)
 Metaspace       used 56757K, capacity 57170K, committed 57816K, reserved 1099776K
  class space    used 7965K, capacity 8105K, committed 8192K, reserved 1048576K
Event: 83.070 GC heap after
Heap after GC invocations=48 (full 2):
 PSYoungGen      total 1606144K, used 1749K [0x0000000615580000, 0x0000000692900000, 0x00000007c0000000)
  eden space 1604096K, 0% used [0x0000000615580000,0x0000000615580000,0x0000000677400000)
  from space 2048K, 85% used [0x0000000692700000,0x00000006928b54b0,0x0000000692900000)
  to   space 14848K, 0% used [0x0000000690c00000,0x0000000690c00000,0x0000000691a80000)
 ParOldGen       total 174592K, used 94726K [0x00000002c0000000, 0x00000002caa80000, 0x0000000615580000)
  object space 174592K, 54% used [0x00000002c0000000,0x00000002c5c81800,0x00000002caa80000)
 Metaspace       used 56757K, capacity 57170K, committed 57816K, reserved 1099776K
  class space    used 7965K, capacity 8105K, committed 8192K, reserved 1048576K
}

