# JRE version: Java(TM) SE Runtime Environment (8.0_161-b12) (build 1.8.0_161-b12)
# Java VM: Java HotSpot(TM) 64-Bit Server VM (25.161-b12 mixed mode windows-amd64 compressed oops)
Heap:
 PSYoungGen      total 5371392K, used 2297672K [0x0000000615580000, 0x000000076b100000, 0x00000007c0000000)
  eden space 5274112K, 43% used [0x0000000615580000,0x00000006a15ec778,0x0000000757400000)
  from space 97280K, 3% used [0x0000000765200000,0x0000000765565950,0x000000076b100000)
  to   space 162304K, 0% used [0x0000000757400000,0x0000000757400000,0x0000000761280000)
 ParOldGen       total 424448K, used 321313K [0x00000002c0000000, 0x00000002d9e80000, 0x0000000615580000)
  object space 424448K, 75% used [0x00000002c0000000,0x00000002d39c8458,0x00000002d9e80000)
 Metaspace       used 55833K, capacity 56272K, committed 56792K, reserved 1097728K
  class space    used 7955K, capacity 8094K, committed 8192K, reserved 1048576K
GC Heap History (10 events):
Event: 97.635 GC heap before
{Heap before GC invocations=45 (full 3):
 PSYoungGen      total 4049408K, used 3922191K [0x0000000615580000, 0x0000000737780000, 0x00000007c0000000)
  eden space 3876864K, 100% used [0x0000000615580000,0x0000000701f80000,0x0000000701f80000)
  from space 172544K, 26% used [0x0000000701f80000,0x0000000704bc3d60,0x000000070c800000)
  to   space 168448K, 0% used [0x000000072d300000,0x000000072d300000,0x0000000737780000)
 ParOldGen       total 424448K, used 277685K [0x00000002c0000000, 0x00000002d9e80000, 0x0000000615580000)
  object space 424448K, 65% used [0x00000002c0000000,0x00000002d0f2d550,0x00000002d9e80000)
 Metaspace       used 55649K, capacity 55984K, committed 56408K, reserved 1097728K
  class space    used 7941K, capacity 8062K, committed 8064K, reserved 1048576K
Event: 97.657 GC heap after
Heap after GC invocations=45 (full 3):
 PSYoungGen      total 4534784K, used 23233K [0x0000000615580000, 0x0000000735e80000, 0x00000007c0000000)
  eden space 4391936K, 0% used [0x0000000615580000,0x0000000615580000,0x0000000721680000)
  from space 142848K, 16% used [0x000000072d300000,0x000000072e9b0510,0x0000000735e80000)
  to   space 167936K, 0% used [0x0000000721680000,0x0000000721680000,0x000000072ba80000)
 ParOldGen       total 424448K, used 300589K [0x00000002c0000000, 0x00000002d9e80000, 0x0000000615580000)
  object space 424448K, 70% used [0x00000002c0000000,0x00000002d258b560,0x00000002d9e80000)
 Metaspace       used 55649K, capacity 55984K, committed 56408K, reserved 1097728K
  class space    used 7941K, capacity 8062K, committed 8064K, reserved 1048576K
}
Event: 99.187 GC heap before
{Heap before GC invocations=46 (full 3):
 PSYoungGen      total 4534784K, used 4415169K [0x0000000615580000, 0x0000000735e80000, 0x00000007c0000000)
  eden space 4391936K, 100% used [0x0000000615580000,0x0000000721680000,0x0000000721680000)
  from space 142848K, 16% used [0x000000072d300000,0x000000072e9b0510,0x0000000735e80000)
  to   space 167936K, 0% used [0x0000000721680000,0x0000000721680000,0x000000072ba80000)
 ParOldGen       total 424448K, used 300589K [0x00000002c0000000, 0x00000002d9e80000, 0x0000000615580000)
  object space 424448K, 70% used [0x00000002c0000000,0x00000002d258b560,0x00000002d9e80000)
 Metaspace       used 55658K, capacity 55984K, committed 56408K, reserved 1097728K
  class space    used 7941K, capacity 8062K, committed 8064K, reserved 1048576K
Event: 99.198 GC heap after
Heap after GC invocations=46 (full 3):
 PSYoungGen      total 4559872K, used 22107K [0x0000000615580000, 0x0000000756180000, 0x00000007c0000000)
  eden space 4391936K, 0% used [0x0000000615580000,0x0000000615580000,0x0000000721680000)
  from space 167936K, 13% used [0x0000000721680000,0x0000000722c16e78,0x000000072ba80000)
  to   space 165888K, 0% used [0x000000074bf80000,0x000000074bf80000,0x0000000756180000)
 ParOldGen       total 424448K, used 302663K [0x00000002c0000000, 0x00000002d9e80000, 0x0000000615580000)
  object space 424448K, 71% used [0x00000002c0000000,0x00000002d2791c98,0x00000002d9e80000)
 Metaspace       used 55658K, capacity 55984K, committed 56408K, reserved 1097728K
  class space    used 7941K, capacity 8062K, committed 8064K, reserved 1048576K
}
Event: 100.703 GC heap before
{Heap before GC invocations=47 (full 3):
 PSYoungGen      total 4559872K, used 4414043K [0x0000000615580000, 0x0000000756180000, 0x00000007c0000000)
  eden space 4391936K, 100% used [0x0000000615580000,0x0000000721680000,0x0000000721680000)
  from space 167936K, 13% used [0x0000000721680000,0x0000000722c16e78,0x000000072ba80000)
  to   space 165888K, 0% used [0x000000074bf80000,0x000000074bf80000,0x0000000756180000)
 ParOldGen       total 424448K, used 302663K [0x00000002c0000000, 0x00000002d9e80000, 0x0000000615580000)
  object space 424448K, 71% used [0x00000002c0000000,0x00000002d2791c98,0x00000002d9e80000)
 Metaspace       used 55658K, capacity 55984K, committed 56408K, reserved 1097728K
  class space    used 7941K, capacity 8062K, committed 8064K, reserved 1048576K
Event: 100.711 GC heap after
Heap after GC invocations=47 (full 3):
 PSYoungGen      total 4985856K, used 3771K [0x0000000615580000, 0x0000000752f80000, 0x00000007c0000000)
  eden space 4871168K, 0% used [0x0000000615580000,0x0000000615580000,0x000000073ea80000)
  from space 114688K, 3% used [0x000000074bf80000,0x000000074c32ecd8,0x0000000752f80000)
  to   space 166400K, 0% used [0x000000073ea80000,0x000000073ea80000,0x0000000748d00000)
 ParOldGen       total 424448K, used 321281K [0x00000002c0000000, 0x00000002d9e80000, 0x0000000615580000)
  object space 424448K, 75% used [0x00000002c0000000,0x00000002d39c0458,0x00000002d9e80000)
 Metaspace       used 55658K, capacity 55984K, committed 56408K, reserved 1097728K
  class space    used 7941K, capacity 8062K, committed 8064K, reserved 1048576K
}
Event: 102.119 GC heap before
{Heap before GC invocations=48 (full 3):
 PSYoungGen      total 4985856K, used 4874939K [0x0000000615580000, 0x0000000752f80000, 0x00000007c0000000)
  eden space 4871168K, 100% used [0x0000000615580000,0x000000073ea80000,0x000000073ea80000)
  from space 114688K, 3% used [0x000000074bf80000,0x000000074c32ecd8,0x0000000752f80000)
  to   space 166400K, 0% used [0x000000073ea80000,0x000000073ea80000,0x0000000748d00000)
 ParOldGen       total 424448K, used 321281K [0x00000002c0000000, 0x00000002d9e80000, 0x0000000615580000)
  object space 424448K, 75% used [0x00000002c0000000,0x00000002d39c0458,0x00000002d9e80000)
 Metaspace       used 55720K, capacity 56112K, committed 56664K, reserved 1097728K
  class space    used 7945K, capacity 8062K, committed 8064K, reserved 1048576K
Event: 102.123 GC heap after
Heap after GC invocations=48 (full 3):
 PSYoungGen      total 5037568K, used 3670K [0x0000000615580000, 0x000000076f300000, 0x00000007c0000000)
  eden space 4871168K, 0% used [0x0000000615580000,0x0000000615580000,0x000000073ea80000)
  from space 166400K, 2% used [0x000000073ea80000,0x000000073ee15940,0x0000000748d00000)
  to   space 164864K, 0% used [0x0000000765200000,0x0000000765200000,0x000000076f300000)
 ParOldGen       total 424448K, used 321305K [0x00000002c0000000, 0x00000002d9e80000, 0x0000000615580000)
  object space 424448K, 75% used [0x00000002c0000000,0x00000002d39c6458,0x00000002d9e80000)
 Metaspace       used 55720K, capacity 56112K, committed 56664K, reserved 1097728K
  class space    used 7945K, capacity 8062K, committed 8064K, reserved 1048576K
}
Event: 103.977 GC heap before
{Heap before GC invocations=49 (full 3):
 PSYoungGen      total 5037568K, used 4874838K [0x0000000615580000, 0x000000076f300000, 0x00000007c0000000)
  eden space 4871168K, 100% used [0x0000000615580000,0x000000073ea80000,0x000000073ea80000)
  from space 166400K, 2% used [0x000000073ea80000,0x000000073ee15940,0x0000000748d00000)
  to   space 164864K, 0% used [0x0000000765200000,0x0000000765200000,0x000000076f300000)
 ParOldGen       total 424448K, used 321305K [0x00000002c0000000, 0x00000002d9e80000, 0x0000000615580000)
  object space 424448K, 75% used [0x00000002c0000000,0x00000002d39c6458,0x00000002d9e80000)
 Metaspace       used 55764K, capacity 56112K, committed 56664K, reserved 1097728K
  class space    used 7947K, capacity 8062K, committed 8064K, reserved 1048576K
Event: 103.981 GC heap after
Heap after GC invocations=49 (full 3):
 PSYoungGen      total 5371392K, used 3478K [0x0000000615580000, 0x000000076b100000, 0x00000007c0000000)
  eden space 5274112K, 0% used [0x0000000615580000,0x0000000615580000,0x0000000757400000)
  from space 97280K, 3% used [0x0000000765200000,0x0000000765565950,0x000000076b100000)
  to   space 162304K, 0% used [0x0000000757400000,0x0000000757400000,0x0000000761280000)
 ParOldGen       total 424448K, used 321313K [0x00000002c0000000, 0x00000002d9e80000, 0x0000000615580000)
  object space 424448K, 75% used [0x00000002c0000000,0x00000002d39c8458,0x00000002d9e80000)
 Metaspace       used 55764K, capacity 56112K, committed 56664K, reserved 1097728K
  class space    used 7947K, capacity 8062K, committed 8064K, reserved 1048576K
}

