# JRE version: Java(TM) SE Runtime Environment (8.0_161-b12) (build 1.8.0_161-b12)
# Java VM: Java HotSpot(TM) 64-Bit Server VM (25.161-b12 mixed mode windows-amd64 compressed oops)
Heap:
 PSYoungGen      total 4111360K, used 3338283K [0x0000000615580000, 0x0000000717500000, 0x00000007c0000000)
  eden space 4071424K, 81% used [0x0000000615580000,0x00000006deab1a58,0x000000070dd80000)
  from space 39936K, 99% used [0x0000000714e00000,0x00000007174d93c0,0x0000000717500000)
  to   space 69632K, 0% used [0x000000070ed00000,0x000000070ed00000,0x0000000713100000)
 ParOldGen       total 181248K, used 117099K [0x00000002c0000000, 0x00000002cb100000, 0x0000000615580000)
  object space 181248K, 64% used [0x00000002c0000000,0x00000002c725ad38,0x00000002cb100000)
 Metaspace       used 55700K, capacity 56060K, committed 56664K, reserved 1097728K
  class space    used 7945K, capacity 8062K, committed 8064K, reserved 1048576K
GC Heap History (10 events):
Event: 49.483 GC heap before
{Heap before GC invocations=36 (full 2):
 PSYoungGen      total 3080192K, used 3036068K [0x0000000615580000, 0x00000006ec200000, 0x00000007c0000000)
  eden space 2993152K, 100% used [0x0000000615580000,0x00000006cc080000,0x00000006cc080000)
  from space 87040K, 49% used [0x00000006cc080000,0x00000006cea691d0,0x00000006d1580000)
  to   space 82944K, 0% used [0x00000006e7100000,0x00000006e7100000,0x00000006ec200000)
 ParOldGen       total 181248K, used 115419K [0x00000002c0000000, 0x00000002cb100000, 0x0000000615580000)
  object space 181248K, 63% used [0x00000002c0000000,0x00000002c70b6d18,0x00000002cb100000)
 Metaspace       used 55527K, capacity 55932K, committed 56408K, reserved 1097728K
  class space    used 7932K, capacity 8062K, committed 8064K, reserved 1048576K
Event: 49.498 GC heap after
Heap after GC invocations=36 (full 2):
 PSYoungGen      total 3415552K, used 42814K [0x0000000615580000, 0x00000006eb500000, 0x00000007c0000000)
  eden space 3345920K, 0% used [0x0000000615580000,0x0000000615580000,0x00000006e1900000)
  from space 69632K, 61% used [0x00000006e7100000,0x00000006e9acfb28,0x00000006eb500000)
  to   space 79872K, 0% used [0x00000006e1900000,0x00000006e1900000,0x00000006e6700000)
 ParOldGen       total 181248K, used 115899K [0x00000002c0000000, 0x00000002cb100000, 0x0000000615580000)
  object space 181248K, 63% used [0x00000002c0000000,0x00000002c712ed28,0x00000002cb100000)
 Metaspace       used 55527K, capacity 55932K, committed 56408K, reserved 1097728K
  class space    used 7932K, capacity 8062K, committed 8064K, reserved 1048576K
}
Event: 50.457 GC heap before
{Heap before GC invocations=37 (full 2):
 PSYoungGen      total 3415552K, used 3388734K [0x0000000615580000, 0x00000006eb500000, 0x00000007c0000000)
  eden space 3345920K, 100% used [0x0000000615580000,0x00000006e1900000,0x00000006e1900000)
  from space 69632K, 61% used [0x00000006e7100000,0x00000006e9acfb28,0x00000006eb500000)
  to   space 79872K, 0% used [0x00000006e1900000,0x00000006e1900000,0x00000006e6700000)
 ParOldGen       total 181248K, used 115899K [0x00000002c0000000, 0x00000002cb100000, 0x0000000615580000)
  object space 181248K, 63% used [0x00000002c0000000,0x00000002c712ed28,0x00000002cb100000)
 Metaspace       used 55556K, capacity 55932K, committed 56408K, reserved 1097728K
  class space    used 7935K, capacity 8062K, committed 8064K, reserved 1048576K
Event: 50.473 GC heap after
Heap after GC invocations=37 (full 2):
 PSYoungGen      total 3425792K, used 41850K [0x0000000615580000, 0x0000000702480000, 0x00000007c0000000)
  eden space 3345920K, 0% used [0x0000000615580000,0x0000000615580000,0x00000006e1900000)
  from space 79872K, 52% used [0x00000006e1900000,0x00000006e41de968,0x00000006e6700000)
  to   space 76800K, 0% used [0x00000006fd980000,0x00000006fd980000,0x0000000702480000)
 ParOldGen       total 181248K, used 116235K [0x00000002c0000000, 0x00000002cb100000, 0x0000000615580000)
  object space 181248K, 64% used [0x00000002c0000000,0x00000002c7182d28,0x00000002cb100000)
 Metaspace       used 55556K, capacity 55932K, committed 56408K, reserved 1097728K
  class space    used 7935K, capacity 8062K, committed 8064K, reserved 1048576K
}
Event: 51.383 GC heap before
{Heap before GC invocations=38 (full 2):
 PSYoungGen      total 3425792K, used 3387770K [0x0000000615580000, 0x0000000702480000, 0x00000007c0000000)
  eden space 3345920K, 100% used [0x0000000615580000,0x00000006e1900000,0x00000006e1900000)
  from space 79872K, 52% used [0x00000006e1900000,0x00000006e41de968,0x00000006e6700000)
  to   space 76800K, 0% used [0x00000006fd980000,0x00000006fd980000,0x0000000702480000)
 ParOldGen       total 181248K, used 116235K [0x00000002c0000000, 0x00000002cb100000, 0x0000000615580000)
  object space 181248K, 64% used [0x00000002c0000000,0x00000002c7182d28,0x00000002cb100000)
 Metaspace       used 55557K, capacity 55932K, committed 56408K, reserved 1097728K
  class space    used 7935K, capacity 8062K, committed 8064K, reserved 1048576K
Event: 51.397 GC heap after
Heap after GC invocations=38 (full 2):
 PSYoungGen      total 3780608K, used 40521K [0x0000000615580000, 0x0000000701600000, 0x00000007c0000000)
  eden space 3718656K, 0% used [0x0000000615580000,0x0000000615580000,0x00000006f8500000)
  from space 61952K, 65% used [0x00000006fd980000,0x0000000700112730,0x0000000701600000)
  to   space 74240K, 0% used [0x00000006f8500000,0x00000006f8500000,0x00000006fcd80000)
 ParOldGen       total 181248K, used 116675K [0x00000002c0000000, 0x00000002cb100000, 0x0000000615580000)
  object space 181248K, 64% used [0x00000002c0000000,0x00000002c71f0d38,0x00000002cb100000)
 Metaspace       used 55557K, capacity 55932K, committed 56408K, reserved 1097728K
  class space    used 7935K, capacity 8062K, committed 8064K, reserved 1048576K
}
Event: 52.478 GC heap before
{Heap before GC invocations=39 (full 2):
 PSYoungGen      total 3780608K, used 3759177K [0x0000000615580000, 0x0000000701600000, 0x00000007c0000000)
  eden space 3718656K, 100% used [0x0000000615580000,0x00000006f8500000,0x00000006f8500000)
  from space 61952K, 65% used [0x00000006fd980000,0x0000000700112730,0x0000000701600000)
  to   space 74240K, 0% used [0x00000006f8500000,0x00000006f8500000,0x00000006fcd80000)
 ParOldGen       total 181248K, used 116675K [0x00000002c0000000, 0x00000002cb100000, 0x0000000615580000)
  object space 181248K, 64% used [0x00000002c0000000,0x00000002c71f0d38,0x00000002cb100000)
 Metaspace       used 55561K, capacity 55932K, committed 56408K, reserved 1097728K
  class space    used 7935K, capacity 8062K, committed 8064K, reserved 1048576K
Event: 52.492 GC heap after
Heap after GC invocations=39 (full 2):
 PSYoungGen      total 3792896K, used 40461K [0x0000000615580000, 0x0000000719400000, 0x00000007c0000000)
  eden space 3718656K, 0% used [0x0000000615580000,0x0000000615580000,0x00000006f8500000)
  from space 74240K, 54% used [0x00000006f8500000,0x00000006fac83718,0x00000006fcd80000)
  to   space 71680K, 0% used [0x0000000714e00000,0x0000000714e00000,0x0000000719400000)
 ParOldGen       total 181248K, used 117051K [0x00000002c0000000, 0x00000002cb100000, 0x0000000615580000)
  object space 181248K, 64% used [0x00000002c0000000,0x00000002c724ed38,0x00000002cb100000)
 Metaspace       used 55561K, capacity 55932K, committed 56408K, reserved 1097728K
  class space    used 7935K, capacity 8062K, committed 8064K, reserved 1048576K
}
Event: 55.422 GC heap before
{Heap before GC invocations=40 (full 2):
 PSYoungGen      total 3792896K, used 3759117K [0x0000000615580000, 0x0000000719400000, 0x00000007c0000000)
  eden space 3718656K, 100% used [0x0000000615580000,0x00000006f8500000,0x00000006f8500000)
  from space 74240K, 54% used [0x00000006f8500000,0x00000006fac83718,0x00000006fcd80000)
  to   space 71680K, 0% used [0x0000000714e00000,0x0000000714e00000,0x0000000719400000)
 ParOldGen       total 181248K, used 117051K [0x00000002c0000000, 0x00000002cb100000, 0x0000000615580000)
  object space 181248K, 64% used [0x00000002c0000000,0x00000002c724ed38,0x00000002cb100000)
 Metaspace       used 55572K, capacity 55932K, committed 56408K, reserved 1097728K
  class space    used 7935K, capacity 8062K, committed 8064K, reserved 1048576K
Event: 55.436 GC heap after
Heap after GC invocations=40 (full 2):
 PSYoungGen      total 4111360K, used 39780K [0x0000000615580000, 0x0000000717500000, 0x00000007c0000000)
  eden space 4071424K, 0% used [0x0000000615580000,0x0000000615580000,0x000000070dd80000)
  from space 39936K, 99% used [0x0000000714e00000,0x00000007174d93c0,0x0000000717500000)
  to   space 69632K, 0% used [0x000000070ed00000,0x000000070ed00000,0x0000000713100000)
 ParOldGen       total 181248K, used 117099K [0x00000002c0000000, 0x00000002cb100000, 0x0000000615580000)
  object space 181248K, 64% used [0x00000002c0000000,0x00000002c725ad38,0x00000002cb100000)
 Metaspace       used 55572K, capacity 55932K, committed 56408K, reserved 1097728K
  class space    used 7935K, capacity 8062K, committed 8064K, reserved 1048576K
}

