# JRE version: Java(TM) SE Runtime Environment (8.0_161-b12) (build 1.8.0_161-b12)
# Java VM: Java HotSpot(TM) 64-Bit Server VM (25.161-b12 mixed mode windows-amd64 compressed oops)
Heap:
 PSYoungGen      total 5517824K, used 867986K [0x0000000615580000, 0x0000000777f80000, 0x00000007c0000000)
  eden space 5381632K, 16% used [0x0000000615580000,0x000000064a46af40,0x000000075dd00000)
  from space 136192K, 0% used [0x000000075dd00000,0x000000075ddb9a10,0x0000000766200000)
  to   space 130560K, 0% used [0x0000000770000000,0x0000000770000000,0x0000000777f80000)
 ParOldGen       total 462848K, used 291301K [0x00000002c0000000, 0x00000002dc400000, 0x0000000615580000)
  object space 462848K, 62% used [0x00000002c0000000,0x00000002d1c796a8,0x00000002dc400000)
 Metaspace       used 55970K, capacity 56342K, committed 56792K, reserved 1097728K
  class space    used 7986K, capacity 8133K, committed 8192K, reserved 1048576K
GC Heap History (10 events):
Event: 106.062 GC heap before
{Heap before GC invocations=50 (full 3):
 PSYoungGen      total 4990464K, used 4897323K [0x0000000615580000, 0x0000000752d80000, 0x00000007c0000000)
  eden space 4894720K, 100% used [0x0000000615580000,0x0000000740180000,0x0000000740180000)
  from space 95744K, 2% used [0x000000074d000000,0x000000074d28ae30,0x0000000752d80000)
  to   space 153600K, 0% used [0x0000000740180000,0x0000000740180000,0x0000000749780000)
 ParOldGen       total 462848K, used 291293K [0x00000002c0000000, 0x00000002dc400000, 0x0000000615580000)
  object space 462848K, 62% used [0x00000002c0000000,0x00000002d1c776a8,0x00000002dc400000)
 Metaspace       used 55715K, capacity 56124K, committed 56664K, reserved 1097728K
  class space    used 7952K, capacity 8062K, committed 8064K, reserved 1048576K
Event: 106.067 GC heap after
Heap after GC invocations=50 (full 3):
 PSYoungGen      total 5048320K, used 1374K [0x0000000615580000, 0x0000000767a80000, 0x00000007c0000000)
  eden space 4894720K, 0% used [0x0000000615580000,0x0000000615580000,0x0000000740180000)
  from space 153600K, 0% used [0x0000000740180000,0x00000007402d7910,0x0000000749780000)
  to   space 150528K, 0% used [0x000000075e780000,0x000000075e780000,0x0000000767a80000)
 ParOldGen       total 462848K, used 291301K [0x00000002c0000000, 0x00000002dc400000, 0x0000000615580000)
  object space 462848K, 62% used [0x00000002c0000000,0x00000002d1c796a8,0x00000002dc400000)
 Metaspace       used 55715K, capacity 56124K, committed 56664K, reserved 1097728K
  class space    used 7952K, capacity 8062K, committed 8064K, reserved 1048576K
}
Event: 109.200 GC heap before
{Heap before GC invocations=51 (full 3):
 PSYoungGen      total 5048320K, used 4896094K [0x0000000615580000, 0x0000000767a80000, 0x00000007c0000000)
  eden space 4894720K, 100% used [0x0000000615580000,0x0000000740180000,0x0000000740180000)
  from space 153600K, 0% used [0x0000000740180000,0x00000007402d7910,0x0000000749780000)
  to   space 150528K, 0% used [0x000000075e780000,0x000000075e780000,0x0000000767a80000)
 ParOldGen       total 462848K, used 291301K [0x00000002c0000000, 0x00000002dc400000, 0x0000000615580000)
  object space 462848K, 62% used [0x00000002c0000000,0x00000002d1c796a8,0x00000002dc400000)
 Metaspace       used 55898K, capacity 56310K, committed 56792K, reserved 1097728K
  class space    used 7977K, capacity 8101K, committed 8192K, reserved 1048576K
Event: 109.203 GC heap after
Heap after GC invocations=51 (full 3):
 PSYoungGen      total 5269504K, used 790K [0x0000000615580000, 0x0000000763a80000, 0x00000007c0000000)
  eden space 5184512K, 0% used [0x0000000615580000,0x0000000615580000,0x0000000751c80000)
  from space 84992K, 0% used [0x000000075e780000,0x000000075e8458f0,0x0000000763a80000)
  to   space 146432K, 0% used [0x0000000751c80000,0x0000000751c80000,0x000000075ab80000)
 ParOldGen       total 462848K, used 291301K [0x00000002c0000000, 0x00000002dc400000, 0x0000000615580000)
  object space 462848K, 62% used [0x00000002c0000000,0x00000002d1c796a8,0x00000002dc400000)
 Metaspace       used 55898K, capacity 56310K, committed 56792K, reserved 1097728K
  class space    used 7977K, capacity 8101K, committed 8192K, reserved 1048576K
}
Event: 113.613 GC heap before
{Heap before GC invocations=52 (full 3):
 PSYoungGen      total 5269504K, used 5185302K [0x0000000615580000, 0x0000000763a80000, 0x00000007c0000000)
  eden space 5184512K, 100% used [0x0000000615580000,0x0000000751c80000,0x0000000751c80000)
  from space 84992K, 0% used [0x000000075e780000,0x000000075e8458f0,0x0000000763a80000)
  to   space 146432K, 0% used [0x0000000751c80000,0x0000000751c80000,0x000000075ab80000)
 ParOldGen       total 462848K, used 291301K [0x00000002c0000000, 0x00000002dc400000, 0x0000000615580000)
  object space 462848K, 62% used [0x00000002c0000000,0x00000002d1c796a8,0x00000002dc400000)
 Metaspace       used 55899K, capacity 56310K, committed 56792K, reserved 1097728K
  class space    used 7977K, capacity 8101K, committed 8192K, reserved 1048576K
Event: 113.616 GC heap after
Heap after GC invocations=52 (full 3):
 PSYoungGen      total 5330944K, used 774K [0x0000000615580000, 0x0000000771d00000, 0x00000007c0000000)
  eden space 5184512K, 0% used [0x0000000615580000,0x0000000615580000,0x0000000751c80000)
  from space 146432K, 0% used [0x0000000751c80000,0x0000000751d41a10,0x000000075ab80000)
  to   space 141824K, 0% used [0x0000000769280000,0x0000000769280000,0x0000000771d00000)
 ParOldGen       total 462848K, used 291301K [0x00000002c0000000, 0x00000002dc400000, 0x0000000615580000)
  object space 462848K, 62% used [0x00000002c0000000,0x00000002d1c796a8,0x00000002dc400000)
 Metaspace       used 55899K, capacity 56310K, committed 56792K, reserved 1097728K
  class space    used 7977K, capacity 8101K, committed 8192K, reserved 1048576K
}
Event: 117.839 GC heap before
{Heap before GC invocations=53 (full 3):
 PSYoungGen      total 5330944K, used 5185286K [0x0000000615580000, 0x0000000771d00000, 0x00000007c0000000)
  eden space 5184512K, 100% used [0x0000000615580000,0x0000000751c80000,0x0000000751c80000)
  from space 146432K, 0% used [0x0000000751c80000,0x0000000751d41a10,0x000000075ab80000)
  to   space 141824K, 0% used [0x0000000769280000,0x0000000769280000,0x0000000771d00000)
 ParOldGen       total 462848K, used 291301K [0x00000002c0000000, 0x00000002dc400000, 0x0000000615580000)
  object space 462848K, 62% used [0x00000002c0000000,0x00000002d1c796a8,0x00000002dc400000)
 Metaspace       used 55899K, capacity 56310K, committed 56792K, reserved 1097728K
  class space    used 7977K, capacity 8101K, committed 8192K, reserved 1048576K
Event: 117.841 GC heap after
Heap after GC invocations=53 (full 3):
 PSYoungGen      total 5468160K, used 1183K [0x0000000615580000, 0x000000076e700000, 0x00000007c0000000)
  eden space 5381632K, 0% used [0x0000000615580000,0x0000000615580000,0x000000075dd00000)
  from space 86528K, 1% used [0x0000000769280000,0x00000007693a7de0,0x000000076e700000)
  to   space 136192K, 0% used [0x000000075dd00000,0x000000075dd00000,0x0000000766200000)
 ParOldGen       total 462848K, used 291301K [0x00000002c0000000, 0x00000002dc400000, 0x0000000615580000)
  object space 462848K, 62% used [0x00000002c0000000,0x00000002d1c796a8,0x00000002dc400000)
 Metaspace       used 55899K, capacity 56310K, committed 56792K, reserved 1097728K
  class space    used 7977K, capacity 8101K, committed 8192K, reserved 1048576K
}
Event: 122.277 GC heap before
{Heap before GC invocations=54 (full 3):
 PSYoungGen      total 5468160K, used 5382815K [0x0000000615580000, 0x000000076e700000, 0x00000007c0000000)
  eden space 5381632K, 100% used [0x0000000615580000,0x000000075dd00000,0x000000075dd00000)
  from space 86528K, 1% used [0x0000000769280000,0x00000007693a7de0,0x000000076e700000)
  to   space 136192K, 0% used [0x000000075dd00000,0x000000075dd00000,0x0000000766200000)
 ParOldGen       total 462848K, used 291301K [0x00000002c0000000, 0x00000002dc400000, 0x0000000615580000)
  object space 462848K, 62% used [0x00000002c0000000,0x00000002d1c796a8,0x00000002dc400000)
 Metaspace       used 55901K, capacity 56310K, committed 56792K, reserved 1097728K
  class space    used 7977K, capacity 8101K, committed 8192K, reserved 1048576K
Event: 122.280 GC heap after
Heap after GC invocations=54 (full 3):
 PSYoungGen      total 5517824K, used 742K [0x0000000615580000, 0x0000000777f80000, 0x00000007c0000000)
  eden space 5381632K, 0% used [0x0000000615580000,0x0000000615580000,0x000000075dd00000)
  from space 136192K, 0% used [0x000000075dd00000,0x000000075ddb9a10,0x0000000766200000)
  to   space 130560K, 0% used [0x0000000770000000,0x0000000770000000,0x0000000777f80000)
 ParOldGen       total 462848K, used 291301K [0x00000002c0000000, 0x00000002dc400000, 0x0000000615580000)
  object space 462848K, 62% used [0x00000002c0000000,0x00000002d1c796a8,0x00000002dc400000)
 Metaspace       used 55901K, capacity 56310K, committed 56792K, reserved 1097728K
  class space    used 7977K, capacity 8101K, committed 8192K, reserved 1048576K
}

