# JRE version: Java(TM) SE Runtime Environment (8.0_161-b12) (build 1.8.0_161-b12)
# Java VM: Java HotSpot(TM) 64-Bit Server VM (25.161-b12 mixed mode windows-amd64 compressed oops)
Heap:
 PSYoungGen      total 1956864K, used 1370382K [0x0000000615580000, 0x0000000691f80000, 0x00000007c0000000)
  eden space 1925120K, 70% used [0x0000000615580000,0x0000000668b22bb0,0x000000068ad80000)
  from space 31744K, 14% used [0x000000068ad80000,0x000000068b220ee8,0x000000068cc80000)
  to   space 30720K, 0% used [0x0000000690180000,0x0000000690180000,0x0000000691f80000)
 ParOldGen       total 169472K, used 73801K [0x00000002c0000000, 0x00000002ca580000, 0x0000000615580000)
  object space 169472K, 43% used [0x00000002c0000000,0x00000002c48126f0,0x00000002ca580000)
 Metaspace       used 57011K, capacity 57418K, committed 58072K, reserved 1099776K
  class space    used 7992K, capacity 8105K, committed 8192K, reserved 1048576K
GC Heap History (10 events):
Event: 46.259 GC heap before
{Heap before GC invocations=31 (full 2):
 PSYoungGen      total 1807872K, used 1790704K [0x0000000615580000, 0x0000000686380000, 0x00000007c0000000)
  eden space 1785856K, 100% used [0x0000000615580000,0x0000000682580000,0x0000000682580000)
  from space 22016K, 22% used [0x0000000684e00000,0x00000006852bc318,0x0000000686380000)
  to   space 31744K, 0% used [0x0000000682580000,0x0000000682580000,0x0000000684480000)
 ParOldGen       total 169472K, used 73625K [0x00000002c0000000, 0x00000002ca580000, 0x0000000615580000)
  object space 169472K, 43% used [0x00000002c0000000,0x00000002c47e66f0,0x00000002ca580000)
 Metaspace       used 56635K, capacity 57034K, committed 57560K, reserved 1099776K
  class space    used 7967K, capacity 8105K, committed 8192K, reserved 1048576K
Event: 46.262 GC heap after
Heap after GC invocations=31 (full 2):
 PSYoungGen      total 1817600K, used 3425K [0x0000000615580000, 0x000000068b200000, 0x00000007c0000000)
  eden space 1785856K, 0% used [0x0000000615580000,0x0000000615580000,0x0000000682580000)
  from space 31744K, 10% used [0x0000000682580000,0x00000006828d8608,0x0000000684480000)
  to   space 32256K, 0% used [0x0000000689280000,0x0000000689280000,0x000000068b200000)
 ParOldGen       total 169472K, used 73673K [0x00000002c0000000, 0x00000002ca580000, 0x0000000615580000)
  object space 169472K, 43% used [0x00000002c0000000,0x00000002c47f26f0,0x00000002ca580000)
 Metaspace       used 56635K, capacity 57034K, committed 57560K, reserved 1099776K
  class space    used 7967K, capacity 8105K, committed 8192K, reserved 1048576K
}
Event: 47.675 GC heap before
{Heap before GC invocations=32 (full 2):
 PSYoungGen      total 1817600K, used 1789281K [0x0000000615580000, 0x000000068b200000, 0x00000007c0000000)
  eden space 1785856K, 100% used [0x0000000615580000,0x0000000682580000,0x0000000682580000)
  from space 31744K, 10% used [0x0000000682580000,0x00000006828d8608,0x0000000684480000)
  to   space 32256K, 0% used [0x0000000689280000,0x0000000689280000,0x000000068b200000)
 ParOldGen       total 169472K, used 73673K [0x00000002c0000000, 0x00000002ca580000, 0x0000000615580000)
  object space 169472K, 43% used [0x00000002c0000000,0x00000002c47f26f0,0x00000002ca580000)
 Metaspace       used 56662K, capacity 57098K, committed 57816K, reserved 1099776K
  class space    used 7967K, capacity 8105K, committed 8192K, reserved 1048576K
Event: 47.678 GC heap after
Heap after GC invocations=32 (full 2):
 PSYoungGen      total 1885184K, used 5013K [0x0000000615580000, 0x000000068ac00000, 0x00000007c0000000)
  eden space 1859072K, 0% used [0x0000000615580000,0x0000000615580000,0x0000000686d00000)
  from space 26112K, 19% used [0x0000000689280000,0x00000006897654d8,0x000000068ac00000)
  to   space 32256K, 0% used [0x0000000686d00000,0x0000000686d00000,0x0000000688c80000)
 ParOldGen       total 169472K, used 73721K [0x00000002c0000000, 0x00000002ca580000, 0x0000000615580000)
  object space 169472K, 43% used [0x00000002c0000000,0x00000002c47fe6f0,0x00000002ca580000)
 Metaspace       used 56662K, capacity 57098K, committed 57816K, reserved 1099776K
  class space    used 7967K, capacity 8105K, committed 8192K, reserved 1048576K
}
Event: 49.444 GC heap before
{Heap before GC invocations=33 (full 2):
 PSYoungGen      total 1885184K, used 1864085K [0x0000000615580000, 0x000000068ac00000, 0x00000007c0000000)
  eden space 1859072K, 100% used [0x0000000615580000,0x0000000686d00000,0x0000000686d00000)
  from space 26112K, 19% used [0x0000000689280000,0x00000006897654d8,0x000000068ac00000)
  to   space 32256K, 0% used [0x0000000686d00000,0x0000000686d00000,0x0000000688c80000)
 ParOldGen       total 169472K, used 73721K [0x00000002c0000000, 0x00000002ca580000, 0x0000000615580000)
  object space 169472K, 43% used [0x00000002c0000000,0x00000002c47fe6f0,0x00000002ca580000)
 Metaspace       used 56768K, capacity 57162K, committed 57816K, reserved 1099776K
  class space    used 7980K, capacity 8105K, committed 8192K, reserved 1048576K
Event: 49.447 GC heap after
Heap after GC invocations=33 (full 2):
 PSYoungGen      total 1891328K, used 4745K [0x0000000615580000, 0x000000068ef00000, 0x00000007c0000000)
  eden space 1859072K, 0% used [0x0000000615580000,0x0000000615580000,0x0000000686d00000)
  from space 32256K, 14% used [0x0000000686d00000,0x00000006871a26a0,0x0000000688c80000)
  to   space 32256K, 0% used [0x000000068cf80000,0x000000068cf80000,0x000000068ef00000)
 ParOldGen       total 169472K, used 73761K [0x00000002c0000000, 0x00000002ca580000, 0x0000000615580000)
  object space 169472K, 43% used [0x00000002c0000000,0x00000002c48086f0,0x00000002ca580000)
 Metaspace       used 56768K, capacity 57162K, committed 57816K, reserved 1099776K
  class space    used 7980K, capacity 8105K, committed 8192K, reserved 1048576K
}
Event: 51.023 GC heap before
{Heap before GC invocations=34 (full 2):
 PSYoungGen      total 1891328K, used 1863817K [0x0000000615580000, 0x000000068ef00000, 0x00000007c0000000)
  eden space 1859072K, 100% used [0x0000000615580000,0x0000000686d00000,0x0000000686d00000)
  from space 32256K, 14% used [0x0000000686d00000,0x00000006871a26a0,0x0000000688c80000)
  to   space 32256K, 0% used [0x000000068cf80000,0x000000068cf80000,0x000000068ef00000)
 ParOldGen       total 169472K, used 73761K [0x00000002c0000000, 0x00000002ca580000, 0x0000000615580000)
  object space 169472K, 43% used [0x00000002c0000000,0x00000002c48086f0,0x00000002ca580000)
 Metaspace       used 56794K, capacity 57162K, committed 57816K, reserved 1099776K
  class space    used 7980K, capacity 8105K, committed 8192K, reserved 1048576K
Event: 51.027 GC heap after
Heap after GC invocations=34 (full 2):
 PSYoungGen      total 1953792K, used 5142K [0x0000000615580000, 0x000000068eb80000, 0x00000007c0000000)
  eden space 1925120K, 0% used [0x0000000615580000,0x0000000615580000,0x000000068ad80000)
  from space 28672K, 17% used [0x000000068cf80000,0x000000068d485898,0x000000068eb80000)
  to   space 31744K, 0% used [0x000000068ad80000,0x000000068ad80000,0x000000068cc80000)
 ParOldGen       total 169472K, used 73777K [0x00000002c0000000, 0x00000002ca580000, 0x0000000615580000)
  object space 169472K, 43% used [0x00000002c0000000,0x00000002c480c6f0,0x00000002ca580000)
 Metaspace       used 56794K, capacity 57162K, committed 57816K, reserved 1099776K
  class space    used 7980K, capacity 8105K, committed 8192K, reserved 1048576K
}
Event: 52.597 GC heap before
{Heap before GC invocations=35 (full 2):
 PSYoungGen      total 1953792K, used 1930262K [0x0000000615580000, 0x000000068eb80000, 0x00000007c0000000)
  eden space 1925120K, 100% used [0x0000000615580000,0x000000068ad80000,0x000000068ad80000)
  from space 28672K, 17% used [0x000000068cf80000,0x000000068d485898,0x000000068eb80000)
  to   space 31744K, 0% used [0x000000068ad80000,0x000000068ad80000,0x000000068cc80000)
 ParOldGen       total 169472K, used 73777K [0x00000002c0000000, 0x00000002ca580000, 0x0000000615580000)
  object space 169472K, 43% used [0x00000002c0000000,0x00000002c480c6f0,0x00000002ca580000)
 Metaspace       used 56830K, capacity 57226K, committed 57816K, reserved 1099776K
  class space    used 7980K, capacity 8105K, committed 8192K, reserved 1048576K
Event: 52.601 GC heap after
Heap after GC invocations=35 (full 2):
 PSYoungGen      total 1956864K, used 4739K [0x0000000615580000, 0x0000000691f80000, 0x00000007c0000000)
  eden space 1925120K, 0% used [0x0000000615580000,0x0000000615580000,0x000000068ad80000)
  from space 31744K, 14% used [0x000000068ad80000,0x000000068b220ee8,0x000000068cc80000)
  to   space 30720K, 0% used [0x0000000690180000,0x0000000690180000,0x0000000691f80000)
 ParOldGen       total 169472K, used 73801K [0x00000002c0000000, 0x00000002ca580000, 0x0000000615580000)
  object space 169472K, 43% used [0x00000002c0000000,0x00000002c48126f0,0x00000002ca580000)
 Metaspace       used 56830K, capacity 57226K, committed 57816K, reserved 1099776K
  class space    used 7980K, capacity 8105K, committed 8192K, reserved 1048576K
}

