# JRE version: Java(TM) SE Runtime Environment (8.0_161-b12) (build 1.8.0_161-b12)
# Java VM: Java HotSpot(TM) 64-Bit Server VM (25.161-b12 mixed mode windows-amd64 compressed oops)
Heap:
 PSYoungGen      total 1997824K, used 597049K [0x0000000615580000, 0x0000000692880000, 0x00000007c0000000)
  eden space 1976320K, 29% used [0x0000000615580000,0x000000063979f578,0x000000068df80000)
  from space 21504K, 23% used [0x0000000691380000,0x000000069186ef68,0x0000000692880000)
  to   space 37376K, 0% used [0x000000068df80000,0x000000068df80000,0x0000000690400000)
 ParOldGen       total 176128K, used 82537K [0x00000002c0000000, 0x00000002cac00000, 0x0000000615580000)
  object space 176128K, 46% used [0x00000002c0000000,0x00000002c509a720,0x00000002cac00000)
 Metaspace       used 56778K, capacity 57186K, committed 57816K, reserved 1099776K
  class space    used 7982K, capacity 8137K, committed 8192K, reserved 1048576K
GC Heap History (10 events):
Event: 49.014 GC heap before
{Heap before GC invocations=26 (full 2):
 PSYoungGen      total 1554432K, used 1542873K [0x0000000615580000, 0x0000000681980000, 0x00000007c0000000)
  eden space 1520128K, 100% used [0x0000000615580000,0x0000000672200000,0x0000000672200000)
  from space 34304K, 66% used [0x0000000672200000,0x0000000673836448,0x0000000674380000)
  to   space 34304K, 0% used [0x000000067f800000,0x000000067f800000,0x0000000681980000)
 ParOldGen       total 176128K, used 57292K [0x00000002c0000000, 0x00000002cac00000, 0x0000000615580000)
  object space 176128K, 32% used [0x00000002c0000000,0x00000002c37f3098,0x00000002cac00000)
 Metaspace       used 56494K, capacity 56898K, committed 57560K, reserved 1099776K
  class space    used 7970K, capacity 8105K, committed 8192K, reserved 1048576K
Event: 49.022 GC heap after
Heap after GC invocations=26 (full 2):
 PSYoungGen      total 1726976K, used 23031K [0x0000000615580000, 0x0000000681380000, 0x00000007c0000000)
  eden space 1698816K, 0% used [0x0000000615580000,0x0000000615580000,0x000000067d080000)
  from space 28160K, 81% used [0x000000067f800000,0x0000000680e7dd30,0x0000000681380000)
  to   space 34304K, 0% used [0x000000067d080000,0x000000067d080000,0x000000067f200000)
 ParOldGen       total 176128K, used 57300K [0x00000002c0000000, 0x00000002cac00000, 0x0000000615580000)
  object space 176128K, 32% used [0x00000002c0000000,0x00000002c37f5098,0x00000002cac00000)
 Metaspace       used 56494K, capacity 56898K, committed 57560K, reserved 1099776K
  class space    used 7970K, capacity 8105K, committed 8192K, reserved 1048576K
}
Event: 50.234 GC heap before
{Heap before GC invocations=27 (full 2):
 PSYoungGen      total 1726976K, used 1721847K [0x0000000615580000, 0x0000000681380000, 0x00000007c0000000)
  eden space 1698816K, 100% used [0x0000000615580000,0x000000067d080000,0x000000067d080000)
  from space 28160K, 81% used [0x000000067f800000,0x0000000680e7dd30,0x0000000681380000)
  to   space 34304K, 0% used [0x000000067d080000,0x000000067d080000,0x000000067f200000)
 ParOldGen       total 176128K, used 57300K [0x00000002c0000000, 0x00000002cac00000, 0x0000000615580000)
  object space 176128K, 32% used [0x00000002c0000000,0x00000002c37f5098,0x00000002cac00000)
 Metaspace       used 56521K, capacity 56962K, committed 57560K, reserved 1099776K
  class space    used 7970K, capacity 8105K, committed 8192K, reserved 1048576K
Event: 50.243 GC heap after
Heap after GC invocations=27 (full 2):
 PSYoungGen      total 1733120K, used 22185K [0x0000000615580000, 0x000000068a080000, 0x00000007c0000000)
  eden space 1698816K, 0% used [0x0000000615580000,0x0000000615580000,0x000000067d080000)
  from space 34304K, 64% used [0x000000067d080000,0x000000067e62a400,0x000000067f200000)
  to   space 33792K, 0% used [0x0000000687f80000,0x0000000687f80000,0x000000068a080000)
 ParOldGen       total 176128K, used 57300K [0x00000002c0000000, 0x00000002cac00000, 0x0000000615580000)
  object space 176128K, 32% used [0x00000002c0000000,0x00000002c37f5098,0x00000002cac00000)
 Metaspace       used 56521K, capacity 56962K, committed 57560K, reserved 1099776K
  class space    used 7970K, capacity 8105K, committed 8192K, reserved 1048576K
}
Event: 51.479 GC heap before
{Heap before GC invocations=28 (full 2):
 PSYoungGen      total 1733120K, used 1721001K [0x0000000615580000, 0x000000068a080000, 0x00000007c0000000)
  eden space 1698816K, 100% used [0x0000000615580000,0x000000067d080000,0x000000067d080000)
  from space 34304K, 64% used [0x000000067d080000,0x000000067e62a400,0x000000067f200000)
  to   space 33792K, 0% used [0x0000000687f80000,0x0000000687f80000,0x000000068a080000)
 ParOldGen       total 176128K, used 57300K [0x00000002c0000000, 0x00000002cac00000, 0x0000000615580000)
  object space 176128K, 32% used [0x00000002c0000000,0x00000002c37f5098,0x00000002cac00000)
 Metaspace       used 56533K, capacity 56962K, committed 57560K, reserved 1099776K
  class space    used 7970K, capacity 8105K, committed 8192K, reserved 1048576K
Event: 51.490 GC heap after
Heap after GC invocations=28 (full 2):
 PSYoungGen      total 1875456K, used 29885K [0x0000000615580000, 0x000000068a680000, 0x00000007c0000000)
  eden space 1841664K, 0% used [0x0000000615580000,0x0000000615580000,0x0000000685c00000)
  from space 33792K, 88% used [0x0000000687f80000,0x0000000689caf420,0x000000068a080000)
  to   space 36352K, 0% used [0x0000000685c00000,0x0000000685c00000,0x0000000687f80000)
 ParOldGen       total 176128K, used 65050K [0x00000002c0000000, 0x00000002cac00000, 0x0000000615580000)
  object space 176128K, 36% used [0x00000002c0000000,0x00000002c3f86a68,0x00000002cac00000)
 Metaspace       used 56533K, capacity 56962K, committed 57560K, reserved 1099776K
  class space    used 7970K, capacity 8105K, committed 8192K, reserved 1048576K
}
Event: 52.886 GC heap before
{Heap before GC invocations=29 (full 2):
 PSYoungGen      total 1875456K, used 1871549K [0x0000000615580000, 0x000000068a680000, 0x00000007c0000000)
  eden space 1841664K, 100% used [0x0000000615580000,0x0000000685c00000,0x0000000685c00000)
  from space 33792K, 88% used [0x0000000687f80000,0x0000000689caf420,0x000000068a080000)
  to   space 36352K, 0% used [0x0000000685c00000,0x0000000685c00000,0x0000000687f80000)
 ParOldGen       total 176128K, used 65050K [0x00000002c0000000, 0x00000002cac00000, 0x0000000615580000)
  object space 176128K, 36% used [0x00000002c0000000,0x00000002c3f86a68,0x00000002cac00000)
 Metaspace       used 56573K, capacity 56962K, committed 57560K, reserved 1099776K
  class space    used 7970K, capacity 8105K, committed 8192K, reserved 1048576K
Event: 52.894 GC heap after
Heap after GC invocations=29 (full 2):
 PSYoungGen      total 1878016K, used 8840K [0x0000000615580000, 0x0000000693780000, 0x00000007c0000000)
  eden space 1841664K, 0% used [0x0000000615580000,0x0000000615580000,0x0000000685c00000)
  from space 36352K, 24% used [0x0000000685c00000,0x00000006864a21c8,0x0000000687f80000)
  to   space 36864K, 0% used [0x0000000691380000,0x0000000691380000,0x0000000693780000)
 ParOldGen       total 176128K, used 78546K [0x00000002c0000000, 0x00000002cac00000, 0x0000000615580000)
  object space 176128K, 44% used [0x00000002c0000000,0x00000002c4cb4890,0x00000002cac00000)
 Metaspace       used 56573K, capacity 56962K, committed 57560K, reserved 1099776K
  class space    used 7970K, capacity 8105K, committed 8192K, reserved 1048576K
}
Event: 54.347 GC heap before
{Heap before GC invocations=30 (full 2):
 PSYoungGen      total 1878016K, used 1850504K [0x0000000615580000, 0x0000000693780000, 0x00000007c0000000)
  eden space 1841664K, 100% used [0x0000000615580000,0x0000000685c00000,0x0000000685c00000)
  from space 36352K, 24% used [0x0000000685c00000,0x00000006864a21c8,0x0000000687f80000)
  to   space 36864K, 0% used [0x0000000691380000,0x0000000691380000,0x0000000693780000)
 ParOldGen       total 176128K, used 78546K [0x00000002c0000000, 0x00000002cac00000, 0x0000000615580000)
  object space 176128K, 44% used [0x00000002c0000000,0x00000002c4cb4890,0x00000002cac00000)
 Metaspace       used 56617K, capacity 57026K, committed 57560K, reserved 1099776K
  class space    used 7970K, capacity 8105K, committed 8192K, reserved 1048576K
Event: 54.352 GC heap after
Heap after GC invocations=30 (full 2):
 PSYoungGen      total 1997824K, used 5051K [0x0000000615580000, 0x0000000692880000, 0x00000007c0000000)
  eden space 1976320K, 0% used [0x0000000615580000,0x0000000615580000,0x000000068df80000)
  from space 21504K, 23% used [0x0000000691380000,0x000000069186ef68,0x0000000692880000)
  to   space 37376K, 0% used [0x000000068df80000,0x000000068df80000,0x0000000690400000)
 ParOldGen       total 176128K, used 82537K [0x00000002c0000000, 0x00000002cac00000, 0x0000000615580000)
  object space 176128K, 46% used [0x00000002c0000000,0x00000002c509a720,0x00000002cac00000)
 Metaspace       used 56617K, capacity 57026K, committed 57560K, reserved 1099776K
  class space    used 7970K, capacity 8105K, committed 8192K, reserved 1048576K
}

